{"/home/shay/a/hall657/461/461Project-Phase1/src/calculations.js": {"path":"/home/shay/a/hall657/461/461Project-Phase1/src/calculations.js","statementMap":{"0":{"start":{"line":2,"column":16},"end":{"line":10,"column":1}},"1":{"start":{"line":3,"column":28},"end":{"line":3,"column":110}},"2":{"start":{"line":3,"column":91},"end":{"line":3,"column":106}},"3":{"start":{"line":4,"column":4},"end":{"line":9,"column":7}},"4":{"start":{"line":5,"column":36},"end":{"line":5,"column":97}},"5":{"start":{"line":5,"column":42},"end":{"line":5,"column":70}},"6":{"start":{"line":5,"column":85},"end":{"line":5,"column":95}},"7":{"start":{"line":6,"column":35},"end":{"line":6,"column":100}},"8":{"start":{"line":6,"column":41},"end":{"line":6,"column":73}},"9":{"start":{"line":6,"column":88},"end":{"line":6,"column":98}},"10":{"start":{"line":7,"column":32},"end":{"line":7,"column":116}},"11":{"start":{"line":8,"column":8},"end":{"line":8,"column":78}},"12":{"start":{"line":11,"column":18},"end":{"line":37,"column":1}},"13":{"start":{"line":12,"column":12},"end":{"line":12,"column":104}},"14":{"start":{"line":12,"column":43},"end":{"line":12,"column":68}},"15":{"start":{"line":12,"column":57},"end":{"line":12,"column":68}},"16":{"start":{"line":12,"column":69},"end":{"line":12,"column":81}},"17":{"start":{"line":13,"column":4},"end":{"line":13,"column":157}},"18":{"start":{"line":13,"column":138},"end":{"line":13,"column":150}},"19":{"start":{"line":14,"column":23},"end":{"line":14,"column":68}},"20":{"start":{"line":14,"column":45},"end":{"line":14,"column":65}},"21":{"start":{"line":16,"column":8},"end":{"line":16,"column":70}},"22":{"start":{"line":16,"column":15},"end":{"line":16,"column":70}},"23":{"start":{"line":17,"column":8},"end":{"line":34,"column":66}},"24":{"start":{"line":17,"column":18},"end":{"line":34,"column":66}},"25":{"start":{"line":18,"column":12},"end":{"line":18,"column":169}},"26":{"start":{"line":18,"column":160},"end":{"line":18,"column":169}},"27":{"start":{"line":19,"column":12},"end":{"line":19,"column":52}},"28":{"start":{"line":19,"column":26},"end":{"line":19,"column":52}},"29":{"start":{"line":20,"column":12},"end":{"line":32,"column":13}},"30":{"start":{"line":21,"column":32},"end":{"line":21,"column":39}},"31":{"start":{"line":21,"column":40},"end":{"line":21,"column":46}},"32":{"start":{"line":22,"column":24},"end":{"line":22,"column":34}},"33":{"start":{"line":22,"column":35},"end":{"line":22,"column":72}},"34":{"start":{"line":23,"column":24},"end":{"line":23,"column":34}},"35":{"start":{"line":23,"column":35},"end":{"line":23,"column":45}},"36":{"start":{"line":23,"column":46},"end":{"line":23,"column":55}},"37":{"start":{"line":23,"column":56},"end":{"line":23,"column":65}},"38":{"start":{"line":24,"column":24},"end":{"line":24,"column":41}},"39":{"start":{"line":24,"column":42},"end":{"line":24,"column":55}},"40":{"start":{"line":24,"column":56},"end":{"line":24,"column":65}},"41":{"start":{"line":26,"column":20},"end":{"line":26,"column":128}},"42":{"start":{"line":26,"column":110},"end":{"line":26,"column":116}},"43":{"start":{"line":26,"column":117},"end":{"line":26,"column":126}},"44":{"start":{"line":27,"column":20},"end":{"line":27,"column":106}},"45":{"start":{"line":27,"column":81},"end":{"line":27,"column":97}},"46":{"start":{"line":27,"column":98},"end":{"line":27,"column":104}},"47":{"start":{"line":28,"column":20},"end":{"line":28,"column":89}},"48":{"start":{"line":28,"column":57},"end":{"line":28,"column":72}},"49":{"start":{"line":28,"column":73},"end":{"line":28,"column":80}},"50":{"start":{"line":28,"column":81},"end":{"line":28,"column":87}},"51":{"start":{"line":29,"column":20},"end":{"line":29,"column":87}},"52":{"start":{"line":29,"column":47},"end":{"line":29,"column":62}},"53":{"start":{"line":29,"column":63},"end":{"line":29,"column":78}},"54":{"start":{"line":29,"column":79},"end":{"line":29,"column":85}},"55":{"start":{"line":30,"column":20},"end":{"line":30,"column":42}},"56":{"start":{"line":30,"column":30},"end":{"line":30,"column":42}},"57":{"start":{"line":31,"column":20},"end":{"line":31,"column":33}},"58":{"start":{"line":31,"column":34},"end":{"line":31,"column":43}},"59":{"start":{"line":33,"column":12},"end":{"line":33,"column":39}},"60":{"start":{"line":34,"column":22},"end":{"line":34,"column":34}},"61":{"start":{"line":34,"column":35},"end":{"line":34,"column":41}},"62":{"start":{"line":34,"column":54},"end":{"line":34,"column":64}},"63":{"start":{"line":35,"column":8},"end":{"line":35,"column":35}},"64":{"start":{"line":35,"column":23},"end":{"line":35,"column":35}},"65":{"start":{"line":35,"column":36},"end":{"line":35,"column":89}},"66":{"start":{"line":38,"column":0},"end":{"line":38,"column":26}},"67":{"start":{"line":39,"column":0},"end":{"line":39,"column":165}},"68":{"start":{"line":40,"column":15},"end":{"line":40,"column":34}},"69":{"start":{"line":41,"column":20},"end":{"line":41,"column":44}},"70":{"start":{"line":42,"column":15},"end":{"line":42,"column":34}},"71":{"start":{"line":47,"column":4},"end":{"line":47,"column":63}},"72":{"start":{"line":49,"column":4},"end":{"line":52,"column":5}},"73":{"start":{"line":50,"column":8},"end":{"line":50,"column":67}},"74":{"start":{"line":51,"column":8},"end":{"line":51,"column":17}},"75":{"start":{"line":53,"column":22},"end":{"line":53,"column":68}},"76":{"start":{"line":54,"column":20},"end":{"line":54,"column":102}},"77":{"start":{"line":55,"column":4},"end":{"line":55,"column":21}},"78":{"start":{"line":57,"column":0},"end":{"line":57,"column":30}},"79":{"start":{"line":62,"column":4},"end":{"line":62,"column":64}},"80":{"start":{"line":64,"column":4},"end":{"line":67,"column":5}},"81":{"start":{"line":65,"column":8},"end":{"line":65,"column":87}},"82":{"start":{"line":66,"column":8},"end":{"line":66,"column":17}},"83":{"start":{"line":68,"column":21},"end":{"line":68,"column":68}},"84":{"start":{"line":69,"column":21},"end":{"line":69,"column":78}},"85":{"start":{"line":70,"column":4},"end":{"line":70,"column":44}},"86":{"start":{"line":72,"column":0},"end":{"line":72,"column":34}},"87":{"start":{"line":77,"column":4},"end":{"line":77,"column":60}},"88":{"start":{"line":78,"column":4},"end":{"line":78,"column":91}},"89":{"start":{"line":80,"column":0},"end":{"line":80,"column":24}},"90":{"start":{"line":85,"column":4},"end":{"line":85,"column":63}},"91":{"start":{"line":87,"column":4},"end":{"line":89,"column":5}},"92":{"start":{"line":88,"column":8},"end":{"line":88,"column":17}},"93":{"start":{"line":90,"column":21},"end":{"line":90,"column":62}},"94":{"start":{"line":91,"column":4},"end":{"line":91,"column":35}},"95":{"start":{"line":93,"column":0},"end":{"line":93,"column":52}},"96":{"start":{"line":98,"column":4},"end":{"line":98,"column":60}},"97":{"start":{"line":100,"column":4},"end":{"line":102,"column":5}},"98":{"start":{"line":101,"column":8},"end":{"line":101,"column":17}},"99":{"start":{"line":103,"column":20},"end":{"line":103,"column":21}},"100":{"start":{"line":105,"column":4},"end":{"line":109,"column":5}},"101":{"start":{"line":105,"column":19},"end":{"line":105,"column":20}},"102":{"start":{"line":106,"column":8},"end":{"line":108,"column":9}},"103":{"start":{"line":107,"column":12},"end":{"line":107,"column":26}},"104":{"start":{"line":110,"column":4},"end":{"line":110,"column":21}},"105":{"start":{"line":112,"column":0},"end":{"line":112,"column":26}},"106":{"start":{"line":117,"column":4},"end":{"line":117,"column":62}},"107":{"start":{"line":119,"column":4},"end":{"line":120,"column":33}},"108":{"start":{"line":122,"column":0},"end":{"line":122,"column":28}},"109":{"start":{"line":127,"column":4},"end":{"line":157,"column":7}},"110":{"start":{"line":129,"column":8},"end":{"line":156,"column":11}},"111":{"start":{"line":130,"column":12},"end":{"line":130,"column":83}},"112":{"start":{"line":131,"column":12},"end":{"line":131,"column":83}},"113":{"start":{"line":132,"column":12},"end":{"line":150,"column":15}},"114":{"start":{"line":133,"column":30},"end":{"line":133,"column":34}},"115":{"start":{"line":134,"column":16},"end":{"line":134,"column":115}},"116":{"start":{"line":136,"column":16},"end":{"line":136,"column":77}},"117":{"start":{"line":137,"column":16},"end":{"line":137,"column":113}},"118":{"start":{"line":138,"column":16},"end":{"line":138,"column":80}},"119":{"start":{"line":139,"column":16},"end":{"line":139,"column":115}},"120":{"start":{"line":140,"column":16},"end":{"line":140,"column":71}},"121":{"start":{"line":141,"column":16},"end":{"line":141,"column":107}},"122":{"start":{"line":142,"column":16},"end":{"line":142,"column":99}},"123":{"start":{"line":143,"column":16},"end":{"line":143,"column":135}},"124":{"start":{"line":144,"column":16},"end":{"line":144,"column":72}},"125":{"start":{"line":145,"column":16},"end":{"line":145,"column":107}},"126":{"start":{"line":146,"column":16},"end":{"line":146,"column":72}},"127":{"start":{"line":147,"column":16},"end":{"line":147,"column":99}},"128":{"start":{"line":148,"column":16},"end":{"line":148,"column":104}},"129":{"start":{"line":149,"column":16},"end":{"line":149,"column":57}},"130":{"start":{"line":151,"column":12},"end":{"line":154,"column":15}},"131":{"start":{"line":152,"column":16},"end":{"line":152,"column":78}},"132":{"start":{"line":153,"column":16},"end":{"line":153,"column":57}},"133":{"start":{"line":155,"column":12},"end":{"line":155,"column":34}},"134":{"start":{"line":159,"column":0},"end":{"line":159,"column":52}}},"fnMap":{"0":{"name":"(anonymous_0)","decl":{"start":{"line":2,"column":44},"end":{"line":2,"column":45}},"loc":{"start":{"line":2,"column":89},"end":{"line":10,"column":1}},"line":2},"1":{"name":"adopt","decl":{"start":{"line":3,"column":13},"end":{"line":3,"column":18}},"loc":{"start":{"line":3,"column":26},"end":{"line":3,"column":112}},"line":3},"2":{"name":"(anonymous_2)","decl":{"start":{"line":3,"column":70},"end":{"line":3,"column":71}},"loc":{"start":{"line":3,"column":89},"end":{"line":3,"column":108}},"line":3},"3":{"name":"(anonymous_3)","decl":{"start":{"line":4,"column":36},"end":{"line":4,"column":37}},"loc":{"start":{"line":4,"column":63},"end":{"line":9,"column":5}},"line":4},"4":{"name":"fulfilled","decl":{"start":{"line":5,"column":17},"end":{"line":5,"column":26}},"loc":{"start":{"line":5,"column":34},"end":{"line":5,"column":99}},"line":5},"5":{"name":"rejected","decl":{"start":{"line":6,"column":17},"end":{"line":6,"column":25}},"loc":{"start":{"line":6,"column":33},"end":{"line":6,"column":102}},"line":6},"6":{"name":"step","decl":{"start":{"line":7,"column":17},"end":{"line":7,"column":21}},"loc":{"start":{"line":7,"column":30},"end":{"line":7,"column":118}},"line":7},"7":{"name":"(anonymous_7)","decl":{"start":{"line":11,"column":48},"end":{"line":11,"column":49}},"loc":{"start":{"line":11,"column":73},"end":{"line":37,"column":1}},"line":11},"8":{"name":"(anonymous_8)","decl":{"start":{"line":12,"column":30},"end":{"line":12,"column":31}},"loc":{"start":{"line":12,"column":41},"end":{"line":12,"column":83}},"line":12},"9":{"name":"(anonymous_9)","decl":{"start":{"line":13,"column":125},"end":{"line":13,"column":126}},"loc":{"start":{"line":13,"column":136},"end":{"line":13,"column":152}},"line":13},"10":{"name":"verb","decl":{"start":{"line":14,"column":13},"end":{"line":14,"column":17}},"loc":{"start":{"line":14,"column":21},"end":{"line":14,"column":70}},"line":14},"11":{"name":"(anonymous_11)","decl":{"start":{"line":14,"column":30},"end":{"line":14,"column":31}},"loc":{"start":{"line":14,"column":43},"end":{"line":14,"column":67}},"line":14},"12":{"name":"step","decl":{"start":{"line":15,"column":13},"end":{"line":15,"column":17}},"loc":{"start":{"line":15,"column":22},"end":{"line":36,"column":5}},"line":15},"13":{"name":"BusFactor","decl":{"start":{"line":46,"column":9},"end":{"line":46,"column":18}},"loc":{"start":{"line":46,"column":28},"end":{"line":56,"column":1}},"line":46},"14":{"name":"Correctness","decl":{"start":{"line":61,"column":9},"end":{"line":61,"column":20}},"loc":{"start":{"line":61,"column":30},"end":{"line":71,"column":1}},"line":61},"15":{"name":"RampUp","decl":{"start":{"line":76,"column":9},"end":{"line":76,"column":15}},"loc":{"start":{"line":76,"column":25},"end":{"line":79,"column":1}},"line":76},"16":{"name":"ResponsiveMaintainer","decl":{"start":{"line":84,"column":9},"end":{"line":84,"column":29}},"loc":{"start":{"line":84,"column":39},"end":{"line":92,"column":1}},"line":84},"17":{"name":"License","decl":{"start":{"line":97,"column":9},"end":{"line":97,"column":16}},"loc":{"start":{"line":97,"column":26},"end":{"line":111,"column":1}},"line":97},"18":{"name":"NetScore","decl":{"start":{"line":116,"column":9},"end":{"line":116,"column":17}},"loc":{"start":{"line":116,"column":26},"end":{"line":121,"column":1}},"line":116},"19":{"name":"GenerateCalculations","decl":{"start":{"line":126,"column":9},"end":{"line":126,"column":29}},"loc":{"start":{"line":126,"column":51},"end":{"line":158,"column":1}},"line":126},"20":{"name":"(anonymous_20)","decl":{"start":{"line":127,"column":43},"end":{"line":127,"column":44}},"loc":{"start":{"line":127,"column":55},"end":{"line":157,"column":5}},"line":127},"21":{"name":"(anonymous_21)","decl":{"start":{"line":129,"column":33},"end":{"line":129,"column":34}},"loc":{"start":{"line":129,"column":47},"end":{"line":156,"column":9}},"line":129},"22":{"name":"(anonymous_22)","decl":{"start":{"line":132,"column":26},"end":{"line":132,"column":27}},"loc":{"start":{"line":132,"column":42},"end":{"line":150,"column":13}},"line":132},"23":{"name":"(anonymous_23)","decl":{"start":{"line":151,"column":30},"end":{"line":151,"column":31}},"loc":{"start":{"line":151,"column":45},"end":{"line":154,"column":13}},"line":151}},"branchMap":{"0":{"loc":{"start":{"line":2,"column":16},"end":{"line":10,"column":1}},"type":"binary-expr","locations":[{"start":{"line":2,"column":17},"end":{"line":2,"column":21}},{"start":{"line":2,"column":25},"end":{"line":2,"column":39}},{"start":{"line":2,"column":44},"end":{"line":10,"column":1}}],"line":2},"1":{"loc":{"start":{"line":3,"column":35},"end":{"line":3,"column":109}},"type":"cond-expr","locations":[{"start":{"line":3,"column":56},"end":{"line":3,"column":61}},{"start":{"line":3,"column":64},"end":{"line":3,"column":109}}],"line":3},"2":{"loc":{"start":{"line":4,"column":16},"end":{"line":4,"column":34}},"type":"binary-expr","locations":[{"start":{"line":4,"column":16},"end":{"line":4,"column":17}},{"start":{"line":4,"column":22},"end":{"line":4,"column":33}}],"line":4},"3":{"loc":{"start":{"line":7,"column":32},"end":{"line":7,"column":115}},"type":"cond-expr","locations":[{"start":{"line":7,"column":46},"end":{"line":7,"column":67}},{"start":{"line":7,"column":70},"end":{"line":7,"column":115}}],"line":7},"4":{"loc":{"start":{"line":8,"column":51},"end":{"line":8,"column":67}},"type":"binary-expr","locations":[{"start":{"line":8,"column":51},"end":{"line":8,"column":61}},{"start":{"line":8,"column":65},"end":{"line":8,"column":67}}],"line":8},"5":{"loc":{"start":{"line":11,"column":18},"end":{"line":37,"column":1}},"type":"binary-expr","locations":[{"start":{"line":11,"column":19},"end":{"line":11,"column":23}},{"start":{"line":11,"column":27},"end":{"line":11,"column":43}},{"start":{"line":11,"column":48},"end":{"line":37,"column":1}}],"line":11},"6":{"loc":{"start":{"line":12,"column":43},"end":{"line":12,"column":68}},"type":"if","locations":[{"start":{"line":12,"column":43},"end":{"line":12,"column":68}},{"start":{},"end":{}}],"line":12},"7":{"loc":{"start":{"line":13,"column":71},"end":{"line":13,"column":153}},"type":"binary-expr","locations":[{"start":{"line":13,"column":71},"end":{"line":13,"column":99}},{"start":{"line":13,"column":104},"end":{"line":13,"column":152}}],"line":13},"8":{"loc":{"start":{"line":16,"column":8},"end":{"line":16,"column":70}},"type":"if","locations":[{"start":{"line":16,"column":8},"end":{"line":16,"column":70}},{"start":{},"end":{}}],"line":16},"9":{"loc":{"start":{"line":18,"column":12},"end":{"line":18,"column":169}},"type":"if","locations":[{"start":{"line":18,"column":12},"end":{"line":18,"column":169}},{"start":{},"end":{}}],"line":18},"10":{"loc":{"start":{"line":18,"column":23},"end":{"line":18,"column":158}},"type":"binary-expr","locations":[{"start":{"line":18,"column":23},"end":{"line":18,"column":24}},{"start":{"line":18,"column":29},"end":{"line":18,"column":125}},{"start":{"line":18,"column":130},"end":{"line":18,"column":158}}],"line":18},"11":{"loc":{"start":{"line":18,"column":33},"end":{"line":18,"column":125}},"type":"cond-expr","locations":[{"start":{"line":18,"column":45},"end":{"line":18,"column":56}},{"start":{"line":18,"column":59},"end":{"line":18,"column":125}}],"line":18},"12":{"loc":{"start":{"line":18,"column":59},"end":{"line":18,"column":125}},"type":"cond-expr","locations":[{"start":{"line":18,"column":67},"end":{"line":18,"column":116}},{"start":{"line":18,"column":119},"end":{"line":18,"column":125}}],"line":18},"13":{"loc":{"start":{"line":18,"column":67},"end":{"line":18,"column":116}},"type":"binary-expr","locations":[{"start":{"line":18,"column":67},"end":{"line":18,"column":77}},{"start":{"line":18,"column":82},"end":{"line":18,"column":115}}],"line":18},"14":{"loc":{"start":{"line":18,"column":82},"end":{"line":18,"column":112}},"type":"binary-expr","locations":[{"start":{"line":18,"column":83},"end":{"line":18,"column":98}},{"start":{"line":18,"column":103},"end":{"line":18,"column":112}}],"line":18},"15":{"loc":{"start":{"line":19,"column":12},"end":{"line":19,"column":52}},"type":"if","locations":[{"start":{"line":19,"column":12},"end":{"line":19,"column":52}},{"start":{},"end":{}}],"line":19},"16":{"loc":{"start":{"line":20,"column":12},"end":{"line":32,"column":13}},"type":"switch","locations":[{"start":{"line":21,"column":16},"end":{"line":21,"column":23}},{"start":{"line":21,"column":24},"end":{"line":21,"column":46}},{"start":{"line":22,"column":16},"end":{"line":22,"column":72}},{"start":{"line":23,"column":16},"end":{"line":23,"column":65}},{"start":{"line":24,"column":16},"end":{"line":24,"column":65}},{"start":{"line":25,"column":16},"end":{"line":31,"column":43}}],"line":20},"17":{"loc":{"start":{"line":26,"column":20},"end":{"line":26,"column":128}},"type":"if","locations":[{"start":{"line":26,"column":20},"end":{"line":26,"column":128}},{"start":{},"end":{}}],"line":26},"18":{"loc":{"start":{"line":26,"column":24},"end":{"line":26,"column":106}},"type":"binary-expr","locations":[{"start":{"line":26,"column":24},"end":{"line":26,"column":74}},{"start":{"line":26,"column":79},"end":{"line":26,"column":90}},{"start":{"line":26,"column":94},"end":{"line":26,"column":105}}],"line":26},"19":{"loc":{"start":{"line":26,"column":42},"end":{"line":26,"column":73}},"type":"binary-expr","locations":[{"start":{"line":26,"column":42},"end":{"line":26,"column":54}},{"start":{"line":26,"column":58},"end":{"line":26,"column":73}}],"line":26},"20":{"loc":{"start":{"line":27,"column":20},"end":{"line":27,"column":106}},"type":"if","locations":[{"start":{"line":27,"column":20},"end":{"line":27,"column":106}},{"start":{},"end":{}}],"line":27},"21":{"loc":{"start":{"line":27,"column":24},"end":{"line":27,"column":77}},"type":"binary-expr","locations":[{"start":{"line":27,"column":24},"end":{"line":27,"column":35}},{"start":{"line":27,"column":40},"end":{"line":27,"column":42}},{"start":{"line":27,"column":47},"end":{"line":27,"column":59}},{"start":{"line":27,"column":63},"end":{"line":27,"column":75}}],"line":27},"22":{"loc":{"start":{"line":28,"column":20},"end":{"line":28,"column":89}},"type":"if","locations":[{"start":{"line":28,"column":20},"end":{"line":28,"column":89}},{"start":{},"end":{}}],"line":28},"23":{"loc":{"start":{"line":28,"column":24},"end":{"line":28,"column":53}},"type":"binary-expr","locations":[{"start":{"line":28,"column":24},"end":{"line":28,"column":35}},{"start":{"line":28,"column":39},"end":{"line":28,"column":53}}],"line":28},"24":{"loc":{"start":{"line":29,"column":20},"end":{"line":29,"column":87}},"type":"if","locations":[{"start":{"line":29,"column":20},"end":{"line":29,"column":87}},{"start":{},"end":{}}],"line":29},"25":{"loc":{"start":{"line":29,"column":24},"end":{"line":29,"column":43}},"type":"binary-expr","locations":[{"start":{"line":29,"column":24},"end":{"line":29,"column":25}},{"start":{"line":29,"column":29},"end":{"line":29,"column":43}}],"line":29},"26":{"loc":{"start":{"line":30,"column":20},"end":{"line":30,"column":42}},"type":"if","locations":[{"start":{"line":30,"column":20},"end":{"line":30,"column":42}},{"start":{},"end":{}}],"line":30},"27":{"loc":{"start":{"line":35,"column":8},"end":{"line":35,"column":35}},"type":"if","locations":[{"start":{"line":35,"column":8},"end":{"line":35,"column":35}},{"start":{},"end":{}}],"line":35},"28":{"loc":{"start":{"line":35,"column":52},"end":{"line":35,"column":74}},"type":"cond-expr","locations":[{"start":{"line":35,"column":60},"end":{"line":35,"column":65}},{"start":{"line":35,"column":68},"end":{"line":35,"column":74}}],"line":35},"29":{"loc":{"start":{"line":49,"column":4},"end":{"line":52,"column":5}},"type":"if","locations":[{"start":{"line":49,"column":4},"end":{"line":52,"column":5}},{"start":{},"end":{}}],"line":49},"30":{"loc":{"start":{"line":64,"column":4},"end":{"line":67,"column":5}},"type":"if","locations":[{"start":{"line":64,"column":4},"end":{"line":67,"column":5}},{"start":{},"end":{}}],"line":64},"31":{"loc":{"start":{"line":64,"column":8},"end":{"line":64,"column":65}},"type":"binary-expr","locations":[{"start":{"line":64,"column":8},"end":{"line":64,"column":32}},{"start":{"line":64,"column":36},"end":{"line":64,"column":65}}],"line":64},"32":{"loc":{"start":{"line":87,"column":4},"end":{"line":89,"column":5}},"type":"if","locations":[{"start":{"line":87,"column":4},"end":{"line":89,"column":5}},{"start":{},"end":{}}],"line":87},"33":{"loc":{"start":{"line":100,"column":4},"end":{"line":102,"column":5}},"type":"if","locations":[{"start":{"line":100,"column":4},"end":{"line":102,"column":5}},{"start":{},"end":{}}],"line":100},"34":{"loc":{"start":{"line":106,"column":8},"end":{"line":108,"column":9}},"type":"if","locations":[{"start":{"line":106,"column":8},"end":{"line":108,"column":9}},{"start":{},"end":{}}],"line":106}},"s":{"0":2,"1":0,"2":0,"3":0,"4":0,"5":0,"6":0,"7":0,"8":0,"9":0,"10":0,"11":0,"12":2,"13":0,"14":0,"15":0,"16":0,"17":0,"18":0,"19":0,"20":0,"21":0,"22":0,"23":0,"24":0,"25":0,"26":0,"27":0,"28":0,"29":0,"30":0,"31":0,"32":0,"33":0,"34":0,"35":0,"36":0,"37":0,"38":0,"39":0,"40":0,"41":0,"42":0,"43":0,"44":0,"45":0,"46":0,"47":0,"48":0,"49":0,"50":0,"51":0,"52":0,"53":0,"54":0,"55":0,"56":0,"57":0,"58":0,"59":0,"60":0,"61":0,"62":0,"63":0,"64":0,"65":0,"66":2,"67":2,"68":2,"69":2,"70":2,"71":2,"72":2,"73":1,"74":1,"75":1,"76":1,"77":1,"78":2,"79":2,"80":2,"81":1,"82":1,"83":1,"84":1,"85":1,"86":2,"87":1,"88":1,"89":2,"90":2,"91":2,"92":1,"93":1,"94":1,"95":2,"96":2,"97":2,"98":0,"99":2,"100":2,"101":2,"102":5,"103":2,"104":2,"105":2,"106":2,"107":2,"108":2,"109":0,"110":0,"111":0,"112":0,"113":0,"114":0,"115":0,"116":0,"117":0,"118":0,"119":0,"120":0,"121":0,"122":0,"123":0,"124":0,"125":0,"126":0,"127":0,"128":0,"129":0,"130":0,"131":0,"132":0,"133":0,"134":2},"f":{"0":0,"1":0,"2":0,"3":0,"4":0,"5":0,"6":0,"7":0,"8":0,"9":0,"10":0,"11":0,"12":0,"13":2,"14":2,"15":1,"16":2,"17":2,"18":2,"19":0,"20":0,"21":0,"22":0,"23":0},"b":{"0":[2,2,2],"1":[0,0],"2":[0,0],"3":[0,0],"4":[0,0],"5":[2,2,2],"6":[0,0],"7":[0,0],"8":[0,0],"9":[0,0],"10":[0,0,0],"11":[0,0],"12":[0,0],"13":[0,0],"14":[0,0],"15":[0,0],"16":[0,0,0,0,0,0],"17":[0,0],"18":[0,0,0],"19":[0,0],"20":[0,0],"21":[0,0,0,0],"22":[0,0],"23":[0,0],"24":[0,0],"25":[0,0],"26":[0,0],"27":[0,0],"28":[0,0],"29":[1,1],"30":[1,1],"31":[2,1],"32":[1,1],"33":[0,2],"34":[2,3]},"inputSourceMap":null,"_coverageSchema":"1a1c01bbd47fc00a2c39e90264f33305004495a9","hash":"a918ef74700d30513918f8a0b081c51aaac6a378"}
,"/home/shay/a/hall657/461/461Project-Phase1/src/fetch.js": {"path":"/home/shay/a/hall657/461/461Project-Phase1/src/fetch.js","statementMap":{"0":{"start":{"line":2,"column":16},"end":{"line":10,"column":1}},"1":{"start":{"line":3,"column":28},"end":{"line":3,"column":110}},"2":{"start":{"line":3,"column":91},"end":{"line":3,"column":106}},"3":{"start":{"line":4,"column":4},"end":{"line":9,"column":7}},"4":{"start":{"line":5,"column":36},"end":{"line":5,"column":97}},"5":{"start":{"line":5,"column":42},"end":{"line":5,"column":70}},"6":{"start":{"line":5,"column":85},"end":{"line":5,"column":95}},"7":{"start":{"line":6,"column":35},"end":{"line":6,"column":100}},"8":{"start":{"line":6,"column":41},"end":{"line":6,"column":73}},"9":{"start":{"line":6,"column":88},"end":{"line":6,"column":98}},"10":{"start":{"line":7,"column":32},"end":{"line":7,"column":116}},"11":{"start":{"line":8,"column":8},"end":{"line":8,"column":78}},"12":{"start":{"line":11,"column":18},"end":{"line":37,"column":1}},"13":{"start":{"line":12,"column":12},"end":{"line":12,"column":104}},"14":{"start":{"line":12,"column":43},"end":{"line":12,"column":68}},"15":{"start":{"line":12,"column":57},"end":{"line":12,"column":68}},"16":{"start":{"line":12,"column":69},"end":{"line":12,"column":81}},"17":{"start":{"line":13,"column":4},"end":{"line":13,"column":157}},"18":{"start":{"line":13,"column":138},"end":{"line":13,"column":150}},"19":{"start":{"line":14,"column":23},"end":{"line":14,"column":68}},"20":{"start":{"line":14,"column":45},"end":{"line":14,"column":65}},"21":{"start":{"line":16,"column":8},"end":{"line":16,"column":70}},"22":{"start":{"line":16,"column":15},"end":{"line":16,"column":70}},"23":{"start":{"line":17,"column":8},"end":{"line":34,"column":66}},"24":{"start":{"line":17,"column":18},"end":{"line":34,"column":66}},"25":{"start":{"line":18,"column":12},"end":{"line":18,"column":169}},"26":{"start":{"line":18,"column":160},"end":{"line":18,"column":169}},"27":{"start":{"line":19,"column":12},"end":{"line":19,"column":52}},"28":{"start":{"line":19,"column":26},"end":{"line":19,"column":52}},"29":{"start":{"line":20,"column":12},"end":{"line":32,"column":13}},"30":{"start":{"line":21,"column":32},"end":{"line":21,"column":39}},"31":{"start":{"line":21,"column":40},"end":{"line":21,"column":46}},"32":{"start":{"line":22,"column":24},"end":{"line":22,"column":34}},"33":{"start":{"line":22,"column":35},"end":{"line":22,"column":72}},"34":{"start":{"line":23,"column":24},"end":{"line":23,"column":34}},"35":{"start":{"line":23,"column":35},"end":{"line":23,"column":45}},"36":{"start":{"line":23,"column":46},"end":{"line":23,"column":55}},"37":{"start":{"line":23,"column":56},"end":{"line":23,"column":65}},"38":{"start":{"line":24,"column":24},"end":{"line":24,"column":41}},"39":{"start":{"line":24,"column":42},"end":{"line":24,"column":55}},"40":{"start":{"line":24,"column":56},"end":{"line":24,"column":65}},"41":{"start":{"line":26,"column":20},"end":{"line":26,"column":128}},"42":{"start":{"line":26,"column":110},"end":{"line":26,"column":116}},"43":{"start":{"line":26,"column":117},"end":{"line":26,"column":126}},"44":{"start":{"line":27,"column":20},"end":{"line":27,"column":106}},"45":{"start":{"line":27,"column":81},"end":{"line":27,"column":97}},"46":{"start":{"line":27,"column":98},"end":{"line":27,"column":104}},"47":{"start":{"line":28,"column":20},"end":{"line":28,"column":89}},"48":{"start":{"line":28,"column":57},"end":{"line":28,"column":72}},"49":{"start":{"line":28,"column":73},"end":{"line":28,"column":80}},"50":{"start":{"line":28,"column":81},"end":{"line":28,"column":87}},"51":{"start":{"line":29,"column":20},"end":{"line":29,"column":87}},"52":{"start":{"line":29,"column":47},"end":{"line":29,"column":62}},"53":{"start":{"line":29,"column":63},"end":{"line":29,"column":78}},"54":{"start":{"line":29,"column":79},"end":{"line":29,"column":85}},"55":{"start":{"line":30,"column":20},"end":{"line":30,"column":42}},"56":{"start":{"line":30,"column":30},"end":{"line":30,"column":42}},"57":{"start":{"line":31,"column":20},"end":{"line":31,"column":33}},"58":{"start":{"line":31,"column":34},"end":{"line":31,"column":43}},"59":{"start":{"line":33,"column":12},"end":{"line":33,"column":39}},"60":{"start":{"line":34,"column":22},"end":{"line":34,"column":34}},"61":{"start":{"line":34,"column":35},"end":{"line":34,"column":41}},"62":{"start":{"line":34,"column":54},"end":{"line":34,"column":64}},"63":{"start":{"line":35,"column":8},"end":{"line":35,"column":35}},"64":{"start":{"line":35,"column":23},"end":{"line":35,"column":35}},"65":{"start":{"line":35,"column":36},"end":{"line":35,"column":89}},"66":{"start":{"line":38,"column":0},"end":{"line":38,"column":26}},"67":{"start":{"line":39,"column":0},"end":{"line":39,"column":71}},"68":{"start":{"line":41,"column":14},"end":{"line":41,"column":30}},"69":{"start":{"line":42,"column":13},"end":{"line":42,"column":30}},"70":{"start":{"line":43,"column":20},"end":{"line":43,"column":44}},"71":{"start":{"line":44,"column":0},"end":{"line":44,"column":16}},"72":{"start":{"line":45,"column":26},"end":{"line":45,"column":50}},"73":{"start":{"line":47,"column":13},"end":{"line":47,"column":23}},"74":{"start":{"line":48,"column":13},"end":{"line":48,"column":23}},"75":{"start":{"line":49,"column":14},"end":{"line":49,"column":24}},"76":{"start":{"line":50,"column":0},"end":{"line":50,"column":38}},"77":{"start":{"line":51,"column":0},"end":{"line":51,"column":38}},"78":{"start":{"line":52,"column":0},"end":{"line":52,"column":41}},"79":{"start":{"line":57,"column":4},"end":{"line":99,"column":7}},"80":{"start":{"line":59,"column":8},"end":{"line":98,"column":11}},"81":{"start":{"line":60,"column":12},"end":{"line":97,"column":13}},"82":{"start":{"line":62,"column":20},"end":{"line":69,"column":22}},"83":{"start":{"line":70,"column":20},"end":{"line":74,"column":22}},"84":{"start":{"line":76,"column":20},"end":{"line":76,"column":83}},"85":{"start":{"line":79,"column":20},"end":{"line":79,"column":30}},"86":{"start":{"line":80,"column":20},"end":{"line":80,"column":82}},"87":{"start":{"line":82,"column":20},"end":{"line":82,"column":30}},"88":{"start":{"line":83,"column":20},"end":{"line":93,"column":22}},"89":{"start":{"line":94,"column":20},"end":{"line":94,"column":85}},"90":{"start":{"line":96,"column":20},"end":{"line":96,"column":56}},"91":{"start":{"line":101,"column":0},"end":{"line":101,"column":38}},"92":{"start":{"line":103,"column":4},"end":{"line":179,"column":7}},"93":{"start":{"line":105,"column":8},"end":{"line":178,"column":11}},"94":{"start":{"line":106,"column":12},"end":{"line":177,"column":13}},"95":{"start":{"line":108,"column":20},"end":{"line":108,"column":37}},"96":{"start":{"line":109,"column":20},"end":{"line":109,"column":36}},"97":{"start":{"line":110,"column":20},"end":{"line":110,"column":39}},"98":{"start":{"line":111,"column":20},"end":{"line":111,"column":38}},"99":{"start":{"line":112,"column":20},"end":{"line":112,"column":39}},"100":{"start":{"line":113,"column":20},"end":{"line":113,"column":35}},"101":{"start":{"line":114,"column":20},"end":{"line":114,"column":40}},"102":{"start":{"line":115,"column":20},"end":{"line":115,"column":33}},"103":{"start":{"line":117,"column":20},"end":{"line":117,"column":55}},"104":{"start":{"line":117,"column":31},"end":{"line":117,"column":55}},"105":{"start":{"line":118,"column":20},"end":{"line":122,"column":28}},"106":{"start":{"line":124,"column":20},"end":{"line":124,"column":46}},"107":{"start":{"line":125,"column":20},"end":{"line":167,"column":21}},"108":{"start":{"line":126,"column":24},"end":{"line":128,"column":90}},"109":{"start":{"line":127,"column":55},"end":{"line":127,"column":84}},"110":{"start":{"line":128,"column":55},"end":{"line":128,"column":86}},"111":{"start":{"line":129,"column":24},"end":{"line":130,"column":88}},"112":{"start":{"line":130,"column":55},"end":{"line":130,"column":84}},"113":{"start":{"line":131,"column":24},"end":{"line":134,"column":103}},"114":{"start":{"line":132,"column":55},"end":{"line":132,"column":84}},"115":{"start":{"line":133,"column":55},"end":{"line":133,"column":86}},"116":{"start":{"line":134,"column":55},"end":{"line":134,"column":99}},"117":{"start":{"line":135,"column":24},"end":{"line":137,"column":103}},"118":{"start":{"line":136,"column":55},"end":{"line":136,"column":84}},"119":{"start":{"line":137,"column":55},"end":{"line":137,"column":99}},"120":{"start":{"line":138,"column":24},"end":{"line":141,"column":103}},"121":{"start":{"line":139,"column":55},"end":{"line":139,"column":84}},"122":{"start":{"line":140,"column":55},"end":{"line":140,"column":86}},"123":{"start":{"line":141,"column":55},"end":{"line":141,"column":99}},"124":{"start":{"line":142,"column":24},"end":{"line":144,"column":88}},"125":{"start":{"line":143,"column":55},"end":{"line":143,"column":84}},"126":{"start":{"line":144,"column":55},"end":{"line":144,"column":84}},"127":{"start":{"line":146,"column":24},"end":{"line":146,"column":66}},"128":{"start":{"line":147,"column":24},"end":{"line":147,"column":64}},"129":{"start":{"line":148,"column":24},"end":{"line":148,"column":70}},"130":{"start":{"line":149,"column":24},"end":{"line":149,"column":68}},"131":{"start":{"line":150,"column":24},"end":{"line":150,"column":70}},"132":{"start":{"line":151,"column":24},"end":{"line":151,"column":62}},"133":{"start":{"line":156,"column":24},"end":{"line":158,"column":25}},"134":{"start":{"line":157,"column":28},"end":{"line":157,"column":52}},"135":{"start":{"line":160,"column":24},"end":{"line":160,"column":42}},"136":{"start":{"line":165,"column":24},"end":{"line":165,"column":59}},"137":{"start":{"line":166,"column":24},"end":{"line":166,"column":48}},"138":{"start":{"line":168,"column":20},"end":{"line":168,"column":44}},"139":{"start":{"line":170,"column":20},"end":{"line":170,"column":67}},"140":{"start":{"line":171,"column":20},"end":{"line":171,"column":65}},"141":{"start":{"line":172,"column":20},"end":{"line":172,"column":71}},"142":{"start":{"line":173,"column":20},"end":{"line":173,"column":69}},"143":{"start":{"line":174,"column":20},"end":{"line":174,"column":71}},"144":{"start":{"line":175,"column":20},"end":{"line":175,"column":63}},"145":{"start":{"line":176,"column":20},"end":{"line":176,"column":42}},"146":{"start":{"line":183,"column":4},"end":{"line":256,"column":7}},"147":{"start":{"line":185,"column":8},"end":{"line":255,"column":11}},"148":{"start":{"line":186,"column":12},"end":{"line":254,"column":13}},"149":{"start":{"line":188,"column":20},"end":{"line":188,"column":39}},"150":{"start":{"line":189,"column":20},"end":{"line":189,"column":38}},"151":{"start":{"line":190,"column":20},"end":{"line":190,"column":42}},"152":{"start":{"line":191,"column":20},"end":{"line":191,"column":51}},"153":{"start":{"line":192,"column":20},"end":{"line":192,"column":40}},"154":{"start":{"line":193,"column":20},"end":{"line":193,"column":37}},"155":{"start":{"line":194,"column":20},"end":{"line":194,"column":38}},"156":{"start":{"line":195,"column":20},"end":{"line":195,"column":33}},"157":{"start":{"line":197,"column":20},"end":{"line":197,"column":55}},"158":{"start":{"line":197,"column":31},"end":{"line":197,"column":55}},"159":{"start":{"line":198,"column":20},"end":{"line":202,"column":28}},"160":{"start":{"line":204,"column":20},"end":{"line":204,"column":45}},"161":{"start":{"line":205,"column":20},"end":{"line":229,"column":21}},"162":{"start":{"line":206,"column":24},"end":{"line":208,"column":94}},"163":{"start":{"line":207,"column":62},"end":{"line":207,"column":114}},"164":{"start":{"line":208,"column":59},"end":{"line":208,"column":90}},"165":{"start":{"line":210,"column":24},"end":{"line":210,"column":67}},"166":{"start":{"line":212,"column":24},"end":{"line":214,"column":27}},"167":{"start":{"line":213,"column":28},"end":{"line":213,"column":56}},"168":{"start":{"line":219,"column":24},"end":{"line":221,"column":25}},"169":{"start":{"line":220,"column":28},"end":{"line":220,"column":52}},"170":{"start":{"line":223,"column":24},"end":{"line":223,"column":41}},"171":{"start":{"line":227,"column":24},"end":{"line":227,"column":79}},"172":{"start":{"line":228,"column":24},"end":{"line":228,"column":48}},"173":{"start":{"line":230,"column":20},"end":{"line":230,"column":44}},"174":{"start":{"line":232,"column":20},"end":{"line":232,"column":40}},"175":{"start":{"line":233,"column":20},"end":{"line":240,"column":23}},"176":{"start":{"line":234,"column":24},"end":{"line":239,"column":25}},"177":{"start":{"line":235,"column":28},"end":{"line":235,"column":55}},"178":{"start":{"line":238,"column":28},"end":{"line":238,"column":57}},"179":{"start":{"line":241,"column":20},"end":{"line":241,"column":66}},"180":{"start":{"line":242,"column":20},"end":{"line":247,"column":23}},"181":{"start":{"line":243,"column":24},"end":{"line":246,"column":25}},"182":{"start":{"line":244,"column":28},"end":{"line":244,"column":73}},"183":{"start":{"line":245,"column":28},"end":{"line":245,"column":65}},"184":{"start":{"line":248,"column":20},"end":{"line":248,"column":61}},"185":{"start":{"line":249,"column":20},"end":{"line":249,"column":53}},"186":{"start":{"line":250,"column":20},"end":{"line":250,"column":73}},"187":{"start":{"line":251,"column":20},"end":{"line":251,"column":67}},"188":{"start":{"line":252,"column":20},"end":{"line":252,"column":69}},"189":{"start":{"line":253,"column":20},"end":{"line":253,"column":42}},"190":{"start":{"line":259,"column":4},"end":{"line":285,"column":7}},"191":{"start":{"line":261,"column":8},"end":{"line":284,"column":11}},"192":{"start":{"line":262,"column":12},"end":{"line":283,"column":13}},"193":{"start":{"line":264,"column":20},"end":{"line":264,"column":46}},"194":{"start":{"line":265,"column":20},"end":{"line":265,"column":74}},"195":{"start":{"line":267,"column":20},"end":{"line":267,"column":41}},"196":{"start":{"line":268,"column":20},"end":{"line":275,"column":21}},"197":{"start":{"line":269,"column":24},"end":{"line":269,"column":45}},"198":{"start":{"line":270,"column":24},"end":{"line":270,"column":85}},"199":{"start":{"line":271,"column":24},"end":{"line":274,"column":25}},"200":{"start":{"line":272,"column":28},"end":{"line":272,"column":107}},"201":{"start":{"line":273,"column":28},"end":{"line":273,"column":65}},"202":{"start":{"line":276,"column":20},"end":{"line":276,"column":44}},"203":{"start":{"line":278,"column":20},"end":{"line":278,"column":40}},"204":{"start":{"line":279,"column":20},"end":{"line":279,"column":44}},"205":{"start":{"line":282,"column":16},"end":{"line":282,"column":44}},"206":{"start":{"line":287,"column":0},"end":{"line":287,"column":26}},"207":{"start":{"line":290,"column":20},"end":{"line":290,"column":41}},"208":{"start":{"line":291,"column":4},"end":{"line":291,"column":79}},"209":{"start":{"line":293,"column":16},"end":{"line":293,"column":28}},"210":{"start":{"line":295,"column":19},"end":{"line":295,"column":31}},"211":{"start":{"line":297,"column":24},"end":{"line":297,"column":91}},"212":{"start":{"line":298,"column":4},"end":{"line":298,"column":81}},"213":{"start":{"line":299,"column":4},"end":{"line":299,"column":25}},"214":{"start":{"line":301,"column":0},"end":{"line":301,"column":34}}},"fnMap":{"0":{"name":"(anonymous_0)","decl":{"start":{"line":2,"column":44},"end":{"line":2,"column":45}},"loc":{"start":{"line":2,"column":89},"end":{"line":10,"column":1}},"line":2},"1":{"name":"adopt","decl":{"start":{"line":3,"column":13},"end":{"line":3,"column":18}},"loc":{"start":{"line":3,"column":26},"end":{"line":3,"column":112}},"line":3},"2":{"name":"(anonymous_2)","decl":{"start":{"line":3,"column":70},"end":{"line":3,"column":71}},"loc":{"start":{"line":3,"column":89},"end":{"line":3,"column":108}},"line":3},"3":{"name":"(anonymous_3)","decl":{"start":{"line":4,"column":36},"end":{"line":4,"column":37}},"loc":{"start":{"line":4,"column":63},"end":{"line":9,"column":5}},"line":4},"4":{"name":"fulfilled","decl":{"start":{"line":5,"column":17},"end":{"line":5,"column":26}},"loc":{"start":{"line":5,"column":34},"end":{"line":5,"column":99}},"line":5},"5":{"name":"rejected","decl":{"start":{"line":6,"column":17},"end":{"line":6,"column":25}},"loc":{"start":{"line":6,"column":33},"end":{"line":6,"column":102}},"line":6},"6":{"name":"step","decl":{"start":{"line":7,"column":17},"end":{"line":7,"column":21}},"loc":{"start":{"line":7,"column":30},"end":{"line":7,"column":118}},"line":7},"7":{"name":"(anonymous_7)","decl":{"start":{"line":11,"column":48},"end":{"line":11,"column":49}},"loc":{"start":{"line":11,"column":73},"end":{"line":37,"column":1}},"line":11},"8":{"name":"(anonymous_8)","decl":{"start":{"line":12,"column":30},"end":{"line":12,"column":31}},"loc":{"start":{"line":12,"column":41},"end":{"line":12,"column":83}},"line":12},"9":{"name":"(anonymous_9)","decl":{"start":{"line":13,"column":125},"end":{"line":13,"column":126}},"loc":{"start":{"line":13,"column":136},"end":{"line":13,"column":152}},"line":13},"10":{"name":"verb","decl":{"start":{"line":14,"column":13},"end":{"line":14,"column":17}},"loc":{"start":{"line":14,"column":21},"end":{"line":14,"column":70}},"line":14},"11":{"name":"(anonymous_11)","decl":{"start":{"line":14,"column":30},"end":{"line":14,"column":31}},"loc":{"start":{"line":14,"column":43},"end":{"line":14,"column":67}},"line":14},"12":{"name":"step","decl":{"start":{"line":15,"column":13},"end":{"line":15,"column":17}},"loc":{"start":{"line":15,"column":22},"end":{"line":36,"column":5}},"line":15},"13":{"name":"fetch_METRICS","decl":{"start":{"line":56,"column":9},"end":{"line":56,"column":22}},"loc":{"start":{"line":56,"column":32},"end":{"line":100,"column":1}},"line":56},"14":{"name":"(anonymous_14)","decl":{"start":{"line":57,"column":43},"end":{"line":57,"column":44}},"loc":{"start":{"line":57,"column":55},"end":{"line":99,"column":5}},"line":57},"15":{"name":"(anonymous_15)","decl":{"start":{"line":59,"column":33},"end":{"line":59,"column":34}},"loc":{"start":{"line":59,"column":47},"end":{"line":98,"column":9}},"line":59},"16":{"name":"fetchIssues","decl":{"start":{"line":102,"column":9},"end":{"line":102,"column":20}},"loc":{"start":{"line":102,"column":50},"end":{"line":180,"column":1}},"line":102},"17":{"name":"(anonymous_17)","decl":{"start":{"line":103,"column":43},"end":{"line":103,"column":44}},"loc":{"start":{"line":103,"column":55},"end":{"line":179,"column":5}},"line":103},"18":{"name":"(anonymous_18)","decl":{"start":{"line":105,"column":33},"end":{"line":105,"column":34}},"loc":{"start":{"line":105,"column":47},"end":{"line":178,"column":9}},"line":105},"19":{"name":"(anonymous_19)","decl":{"start":{"line":127,"column":36},"end":{"line":127,"column":37}},"loc":{"start":{"line":127,"column":53},"end":{"line":127,"column":86}},"line":127},"20":{"name":"(anonymous_20)","decl":{"start":{"line":128,"column":36},"end":{"line":128,"column":37}},"loc":{"start":{"line":128,"column":53},"end":{"line":128,"column":88}},"line":128},"21":{"name":"(anonymous_21)","decl":{"start":{"line":130,"column":36},"end":{"line":130,"column":37}},"loc":{"start":{"line":130,"column":53},"end":{"line":130,"column":86}},"line":130},"22":{"name":"(anonymous_22)","decl":{"start":{"line":132,"column":36},"end":{"line":132,"column":37}},"loc":{"start":{"line":132,"column":53},"end":{"line":132,"column":86}},"line":132},"23":{"name":"(anonymous_23)","decl":{"start":{"line":133,"column":36},"end":{"line":133,"column":37}},"loc":{"start":{"line":133,"column":53},"end":{"line":133,"column":88}},"line":133},"24":{"name":"(anonymous_24)","decl":{"start":{"line":134,"column":36},"end":{"line":134,"column":37}},"loc":{"start":{"line":134,"column":53},"end":{"line":134,"column":101}},"line":134},"25":{"name":"(anonymous_25)","decl":{"start":{"line":136,"column":36},"end":{"line":136,"column":37}},"loc":{"start":{"line":136,"column":53},"end":{"line":136,"column":86}},"line":136},"26":{"name":"(anonymous_26)","decl":{"start":{"line":137,"column":36},"end":{"line":137,"column":37}},"loc":{"start":{"line":137,"column":53},"end":{"line":137,"column":101}},"line":137},"27":{"name":"(anonymous_27)","decl":{"start":{"line":139,"column":36},"end":{"line":139,"column":37}},"loc":{"start":{"line":139,"column":53},"end":{"line":139,"column":86}},"line":139},"28":{"name":"(anonymous_28)","decl":{"start":{"line":140,"column":36},"end":{"line":140,"column":37}},"loc":{"start":{"line":140,"column":53},"end":{"line":140,"column":88}},"line":140},"29":{"name":"(anonymous_29)","decl":{"start":{"line":141,"column":36},"end":{"line":141,"column":37}},"loc":{"start":{"line":141,"column":53},"end":{"line":141,"column":101}},"line":141},"30":{"name":"(anonymous_30)","decl":{"start":{"line":143,"column":36},"end":{"line":143,"column":37}},"loc":{"start":{"line":143,"column":53},"end":{"line":143,"column":86}},"line":143},"31":{"name":"(anonymous_31)","decl":{"start":{"line":144,"column":36},"end":{"line":144,"column":37}},"loc":{"start":{"line":144,"column":53},"end":{"line":144,"column":86}},"line":144},"32":{"name":"fetchPulls","decl":{"start":{"line":182,"column":9},"end":{"line":182,"column":19}},"loc":{"start":{"line":182,"column":49},"end":{"line":257,"column":1}},"line":182},"33":{"name":"(anonymous_33)","decl":{"start":{"line":183,"column":43},"end":{"line":183,"column":44}},"loc":{"start":{"line":183,"column":55},"end":{"line":256,"column":5}},"line":183},"34":{"name":"(anonymous_34)","decl":{"start":{"line":185,"column":33},"end":{"line":185,"column":34}},"loc":{"start":{"line":185,"column":47},"end":{"line":255,"column":9}},"line":185},"35":{"name":"(anonymous_35)","decl":{"start":{"line":207,"column":36},"end":{"line":207,"column":37}},"loc":{"start":{"line":207,"column":60},"end":{"line":207,"column":116}},"line":207},"36":{"name":"(anonymous_36)","decl":{"start":{"line":208,"column":33},"end":{"line":208,"column":34}},"loc":{"start":{"line":208,"column":57},"end":{"line":208,"column":92}},"line":208},"37":{"name":"(anonymous_37)","decl":{"start":{"line":212,"column":51},"end":{"line":212,"column":52}},"loc":{"start":{"line":212,"column":71},"end":{"line":214,"column":25}},"line":212},"38":{"name":"(anonymous_38)","decl":{"start":{"line":233,"column":41},"end":{"line":233,"column":42}},"loc":{"start":{"line":233,"column":61},"end":{"line":240,"column":21}},"line":233},"39":{"name":"(anonymous_39)","decl":{"start":{"line":242,"column":44},"end":{"line":242,"column":45}},"loc":{"start":{"line":242,"column":64},"end":{"line":247,"column":21}},"line":242},"40":{"name":"getLink","decl":{"start":{"line":258,"column":9},"end":{"line":258,"column":16}},"loc":{"start":{"line":258,"column":26},"end":{"line":286,"column":1}},"line":258},"41":{"name":"(anonymous_41)","decl":{"start":{"line":259,"column":43},"end":{"line":259,"column":44}},"loc":{"start":{"line":259,"column":55},"end":{"line":285,"column":5}},"line":259},"42":{"name":"(anonymous_42)","decl":{"start":{"line":261,"column":33},"end":{"line":261,"column":34}},"loc":{"start":{"line":261,"column":47},"end":{"line":284,"column":9}},"line":261},"43":{"name":"convertLink","decl":{"start":{"line":288,"column":9},"end":{"line":288,"column":20}},"loc":{"start":{"line":288,"column":33},"end":{"line":300,"column":1}},"line":288}},"branchMap":{"0":{"loc":{"start":{"line":2,"column":16},"end":{"line":10,"column":1}},"type":"binary-expr","locations":[{"start":{"line":2,"column":17},"end":{"line":2,"column":21}},{"start":{"line":2,"column":25},"end":{"line":2,"column":39}},{"start":{"line":2,"column":44},"end":{"line":10,"column":1}}],"line":2},"1":{"loc":{"start":{"line":3,"column":35},"end":{"line":3,"column":109}},"type":"cond-expr","locations":[{"start":{"line":3,"column":56},"end":{"line":3,"column":61}},{"start":{"line":3,"column":64},"end":{"line":3,"column":109}}],"line":3},"2":{"loc":{"start":{"line":4,"column":16},"end":{"line":4,"column":34}},"type":"binary-expr","locations":[{"start":{"line":4,"column":16},"end":{"line":4,"column":17}},{"start":{"line":4,"column":22},"end":{"line":4,"column":33}}],"line":4},"3":{"loc":{"start":{"line":7,"column":32},"end":{"line":7,"column":115}},"type":"cond-expr","locations":[{"start":{"line":7,"column":46},"end":{"line":7,"column":67}},{"start":{"line":7,"column":70},"end":{"line":7,"column":115}}],"line":7},"4":{"loc":{"start":{"line":8,"column":51},"end":{"line":8,"column":67}},"type":"binary-expr","locations":[{"start":{"line":8,"column":51},"end":{"line":8,"column":61}},{"start":{"line":8,"column":65},"end":{"line":8,"column":67}}],"line":8},"5":{"loc":{"start":{"line":11,"column":18},"end":{"line":37,"column":1}},"type":"binary-expr","locations":[{"start":{"line":11,"column":19},"end":{"line":11,"column":23}},{"start":{"line":11,"column":27},"end":{"line":11,"column":43}},{"start":{"line":11,"column":48},"end":{"line":37,"column":1}}],"line":11},"6":{"loc":{"start":{"line":12,"column":43},"end":{"line":12,"column":68}},"type":"if","locations":[{"start":{"line":12,"column":43},"end":{"line":12,"column":68}},{"start":{},"end":{}}],"line":12},"7":{"loc":{"start":{"line":13,"column":71},"end":{"line":13,"column":153}},"type":"binary-expr","locations":[{"start":{"line":13,"column":71},"end":{"line":13,"column":99}},{"start":{"line":13,"column":104},"end":{"line":13,"column":152}}],"line":13},"8":{"loc":{"start":{"line":16,"column":8},"end":{"line":16,"column":70}},"type":"if","locations":[{"start":{"line":16,"column":8},"end":{"line":16,"column":70}},{"start":{},"end":{}}],"line":16},"9":{"loc":{"start":{"line":18,"column":12},"end":{"line":18,"column":169}},"type":"if","locations":[{"start":{"line":18,"column":12},"end":{"line":18,"column":169}},{"start":{},"end":{}}],"line":18},"10":{"loc":{"start":{"line":18,"column":23},"end":{"line":18,"column":158}},"type":"binary-expr","locations":[{"start":{"line":18,"column":23},"end":{"line":18,"column":24}},{"start":{"line":18,"column":29},"end":{"line":18,"column":125}},{"start":{"line":18,"column":130},"end":{"line":18,"column":158}}],"line":18},"11":{"loc":{"start":{"line":18,"column":33},"end":{"line":18,"column":125}},"type":"cond-expr","locations":[{"start":{"line":18,"column":45},"end":{"line":18,"column":56}},{"start":{"line":18,"column":59},"end":{"line":18,"column":125}}],"line":18},"12":{"loc":{"start":{"line":18,"column":59},"end":{"line":18,"column":125}},"type":"cond-expr","locations":[{"start":{"line":18,"column":67},"end":{"line":18,"column":116}},{"start":{"line":18,"column":119},"end":{"line":18,"column":125}}],"line":18},"13":{"loc":{"start":{"line":18,"column":67},"end":{"line":18,"column":116}},"type":"binary-expr","locations":[{"start":{"line":18,"column":67},"end":{"line":18,"column":77}},{"start":{"line":18,"column":82},"end":{"line":18,"column":115}}],"line":18},"14":{"loc":{"start":{"line":18,"column":82},"end":{"line":18,"column":112}},"type":"binary-expr","locations":[{"start":{"line":18,"column":83},"end":{"line":18,"column":98}},{"start":{"line":18,"column":103},"end":{"line":18,"column":112}}],"line":18},"15":{"loc":{"start":{"line":19,"column":12},"end":{"line":19,"column":52}},"type":"if","locations":[{"start":{"line":19,"column":12},"end":{"line":19,"column":52}},{"start":{},"end":{}}],"line":19},"16":{"loc":{"start":{"line":20,"column":12},"end":{"line":32,"column":13}},"type":"switch","locations":[{"start":{"line":21,"column":16},"end":{"line":21,"column":23}},{"start":{"line":21,"column":24},"end":{"line":21,"column":46}},{"start":{"line":22,"column":16},"end":{"line":22,"column":72}},{"start":{"line":23,"column":16},"end":{"line":23,"column":65}},{"start":{"line":24,"column":16},"end":{"line":24,"column":65}},{"start":{"line":25,"column":16},"end":{"line":31,"column":43}}],"line":20},"17":{"loc":{"start":{"line":26,"column":20},"end":{"line":26,"column":128}},"type":"if","locations":[{"start":{"line":26,"column":20},"end":{"line":26,"column":128}},{"start":{},"end":{}}],"line":26},"18":{"loc":{"start":{"line":26,"column":24},"end":{"line":26,"column":106}},"type":"binary-expr","locations":[{"start":{"line":26,"column":24},"end":{"line":26,"column":74}},{"start":{"line":26,"column":79},"end":{"line":26,"column":90}},{"start":{"line":26,"column":94},"end":{"line":26,"column":105}}],"line":26},"19":{"loc":{"start":{"line":26,"column":42},"end":{"line":26,"column":73}},"type":"binary-expr","locations":[{"start":{"line":26,"column":42},"end":{"line":26,"column":54}},{"start":{"line":26,"column":58},"end":{"line":26,"column":73}}],"line":26},"20":{"loc":{"start":{"line":27,"column":20},"end":{"line":27,"column":106}},"type":"if","locations":[{"start":{"line":27,"column":20},"end":{"line":27,"column":106}},{"start":{},"end":{}}],"line":27},"21":{"loc":{"start":{"line":27,"column":24},"end":{"line":27,"column":77}},"type":"binary-expr","locations":[{"start":{"line":27,"column":24},"end":{"line":27,"column":35}},{"start":{"line":27,"column":40},"end":{"line":27,"column":42}},{"start":{"line":27,"column":47},"end":{"line":27,"column":59}},{"start":{"line":27,"column":63},"end":{"line":27,"column":75}}],"line":27},"22":{"loc":{"start":{"line":28,"column":20},"end":{"line":28,"column":89}},"type":"if","locations":[{"start":{"line":28,"column":20},"end":{"line":28,"column":89}},{"start":{},"end":{}}],"line":28},"23":{"loc":{"start":{"line":28,"column":24},"end":{"line":28,"column":53}},"type":"binary-expr","locations":[{"start":{"line":28,"column":24},"end":{"line":28,"column":35}},{"start":{"line":28,"column":39},"end":{"line":28,"column":53}}],"line":28},"24":{"loc":{"start":{"line":29,"column":20},"end":{"line":29,"column":87}},"type":"if","locations":[{"start":{"line":29,"column":20},"end":{"line":29,"column":87}},{"start":{},"end":{}}],"line":29},"25":{"loc":{"start":{"line":29,"column":24},"end":{"line":29,"column":43}},"type":"binary-expr","locations":[{"start":{"line":29,"column":24},"end":{"line":29,"column":25}},{"start":{"line":29,"column":29},"end":{"line":29,"column":43}}],"line":29},"26":{"loc":{"start":{"line":30,"column":20},"end":{"line":30,"column":42}},"type":"if","locations":[{"start":{"line":30,"column":20},"end":{"line":30,"column":42}},{"start":{},"end":{}}],"line":30},"27":{"loc":{"start":{"line":35,"column":8},"end":{"line":35,"column":35}},"type":"if","locations":[{"start":{"line":35,"column":8},"end":{"line":35,"column":35}},{"start":{},"end":{}}],"line":35},"28":{"loc":{"start":{"line":35,"column":52},"end":{"line":35,"column":74}},"type":"cond-expr","locations":[{"start":{"line":35,"column":60},"end":{"line":35,"column":65}},{"start":{"line":35,"column":68},"end":{"line":35,"column":74}}],"line":35},"29":{"loc":{"start":{"line":60,"column":12},"end":{"line":97,"column":13}},"type":"switch","locations":[{"start":{"line":61,"column":16},"end":{"line":76,"column":83}},{"start":{"line":77,"column":16},"end":{"line":80,"column":82}},{"start":{"line":81,"column":16},"end":{"line":96,"column":56}}],"line":60},"30":{"loc":{"start":{"line":106,"column":12},"end":{"line":177,"column":13}},"type":"switch","locations":[{"start":{"line":107,"column":16},"end":{"line":115,"column":33}},{"start":{"line":116,"column":16},"end":{"line":122,"column":28}},{"start":{"line":123,"column":16},"end":{"line":168,"column":44}},{"start":{"line":169,"column":16},"end":{"line":176,"column":42}}],"line":106},"31":{"loc":{"start":{"line":117,"column":20},"end":{"line":117,"column":55}},"type":"if","locations":[{"start":{"line":117,"column":20},"end":{"line":117,"column":55}},{"start":{},"end":{}}],"line":117},"32":{"loc":{"start":{"line":125,"column":20},"end":{"line":167,"column":21}},"type":"if","locations":[{"start":{"line":125,"column":20},"end":{"line":167,"column":21}},{"start":{"line":162,"column":25},"end":{"line":167,"column":21}}],"line":125},"33":{"loc":{"start":{"line":156,"column":24},"end":{"line":158,"column":25}},"type":"if","locations":[{"start":{"line":156,"column":24},"end":{"line":158,"column":25}},{"start":{},"end":{}}],"line":156},"34":{"loc":{"start":{"line":186,"column":12},"end":{"line":254,"column":13}},"type":"switch","locations":[{"start":{"line":187,"column":16},"end":{"line":195,"column":33}},{"start":{"line":196,"column":16},"end":{"line":202,"column":28}},{"start":{"line":203,"column":16},"end":{"line":230,"column":44}},{"start":{"line":231,"column":16},"end":{"line":253,"column":42}}],"line":186},"35":{"loc":{"start":{"line":197,"column":20},"end":{"line":197,"column":55}},"type":"if","locations":[{"start":{"line":197,"column":20},"end":{"line":197,"column":55}},{"start":{},"end":{}}],"line":197},"36":{"loc":{"start":{"line":205,"column":20},"end":{"line":229,"column":21}},"type":"if","locations":[{"start":{"line":205,"column":20},"end":{"line":229,"column":21}},{"start":{"line":225,"column":25},"end":{"line":229,"column":21}}],"line":205},"37":{"loc":{"start":{"line":219,"column":24},"end":{"line":221,"column":25}},"type":"if","locations":[{"start":{"line":219,"column":24},"end":{"line":221,"column":25}},{"start":{},"end":{}}],"line":219},"38":{"loc":{"start":{"line":234,"column":24},"end":{"line":239,"column":25}},"type":"if","locations":[{"start":{"line":234,"column":24},"end":{"line":239,"column":25}},{"start":{"line":237,"column":29},"end":{"line":239,"column":25}}],"line":234},"39":{"loc":{"start":{"line":243,"column":24},"end":{"line":246,"column":25}},"type":"if","locations":[{"start":{"line":243,"column":24},"end":{"line":246,"column":25}},{"start":{},"end":{}}],"line":243},"40":{"loc":{"start":{"line":262,"column":12},"end":{"line":283,"column":13}},"type":"switch","locations":[{"start":{"line":263,"column":16},"end":{"line":265,"column":74}},{"start":{"line":266,"column":16},"end":{"line":276,"column":44}},{"start":{"line":277,"column":16},"end":{"line":279,"column":44}},{"start":{"line":280,"column":16},"end":{"line":282,"column":44}}],"line":262},"41":{"loc":{"start":{"line":268,"column":20},"end":{"line":275,"column":21}},"type":"if","locations":[{"start":{"line":268,"column":20},"end":{"line":275,"column":21}},{"start":{},"end":{}}],"line":268},"42":{"loc":{"start":{"line":271,"column":24},"end":{"line":274,"column":25}},"type":"if","locations":[{"start":{"line":271,"column":24},"end":{"line":274,"column":25}},{"start":{},"end":{}}],"line":271},"43":{"loc":{"start":{"line":271,"column":28},"end":{"line":271,"column":65}},"type":"binary-expr","locations":[{"start":{"line":271,"column":28},"end":{"line":271,"column":43}},{"start":{"line":271,"column":47},"end":{"line":271,"column":65}}],"line":271}},"s":{"0":3,"1":4,"2":3,"3":4,"4":3,"5":3,"6":1,"7":1,"8":1,"9":1,"10":6,"11":4,"12":3,"13":4,"14":6,"15":1,"16":5,"17":4,"18":0,"19":12,"20":8,"21":8,"22":0,"23":8,"24":22,"25":22,"26":0,"27":22,"28":0,"29":22,"30":8,"31":8,"32":4,"33":4,"34":0,"35":0,"36":0,"37":0,"38":0,"39":0,"40":0,"41":10,"42":4,"43":4,"44":6,"45":2,"46":2,"47":4,"48":2,"49":2,"50":2,"51":2,"52":0,"53":0,"54":0,"55":2,"56":0,"57":2,"58":2,"59":12,"60":4,"61":4,"62":22,"63":4,"64":2,"65":2,"66":3,"67":3,"68":3,"69":3,"70":3,"71":3,"72":3,"73":3,"74":3,"75":3,"76":3,"77":3,"78":3,"79":1,"80":1,"81":2,"82":1,"83":1,"84":1,"85":1,"86":0,"87":0,"88":0,"89":0,"90":0,"91":3,"92":1,"93":1,"94":2,"95":1,"96":1,"97":1,"98":1,"99":1,"100":1,"101":1,"102":1,"103":1,"104":0,"105":1,"106":1,"107":1,"108":0,"109":0,"110":0,"111":0,"112":0,"113":0,"114":0,"115":0,"116":0,"117":0,"118":0,"119":0,"120":0,"121":0,"122":0,"123":0,"124":0,"125":0,"126":0,"127":0,"128":0,"129":0,"130":0,"131":0,"132":0,"133":0,"134":0,"135":0,"136":0,"137":0,"138":0,"139":0,"140":0,"141":0,"142":0,"143":0,"144":0,"145":0,"146":0,"147":0,"148":0,"149":0,"150":0,"151":0,"152":0,"153":0,"154":0,"155":0,"156":0,"157":0,"158":0,"159":0,"160":0,"161":0,"162":0,"163":0,"164":0,"165":0,"166":0,"167":0,"168":0,"169":0,"170":0,"171":0,"172":0,"173":0,"174":0,"175":0,"176":0,"177":0,"178":0,"179":0,"180":0,"181":0,"182":0,"183":0,"184":0,"185":0,"186":0,"187":0,"188":0,"189":0,"190":2,"191":2,"192":8,"193":2,"194":2,"195":2,"196":2,"197":0,"198":0,"199":0,"200":0,"201":0,"202":0,"203":2,"204":2,"205":2,"206":3,"207":1,"208":1,"209":1,"210":1,"211":1,"212":1,"213":1,"214":3},"f":{"0":4,"1":4,"2":3,"3":4,"4":3,"5":1,"6":6,"7":4,"8":6,"9":0,"10":12,"11":8,"12":8,"13":1,"14":1,"15":2,"16":1,"17":1,"18":2,"19":0,"20":0,"21":0,"22":0,"23":0,"24":0,"25":0,"26":0,"27":0,"28":0,"29":0,"30":0,"31":0,"32":0,"33":0,"34":0,"35":0,"36":0,"37":0,"38":0,"39":0,"40":2,"41":2,"42":8,"43":1},"b":{"0":[3,3,3],"1":[1,3],"2":[4,4],"3":[2,4],"4":[4,4],"5":[3,3,3],"6":[1,5],"7":[4,4],"8":[0,8],"9":[0,22],"10":[22,0,0],"11":[0,0],"12":[0,0],"13":[0,0],"14":[0,0],"15":[0,22],"16":[7,8,4,0,0,10],"17":[4,6],"18":[10,6,4],"19":[10,4],"20":[2,4],"21":[6,4,2,2],"22":[2,2],"23":[4,2],"24":[0,2],"25":[2,2],"26":[0,2],"27":[2,2],"28":[2,0],"29":[1,1,0],"30":[1,1,1,0],"31":[0,1],"32":[0,0],"33":[0,0],"34":[0,0,0,0],"35":[0,0],"36":[0,0],"37":[0,0],"38":[0,0],"39":[0,0],"40":[2,2,2,2],"41":[0,0],"42":[0,0],"43":[0,0]},"inputSourceMap":null,"_coverageSchema":"1a1c01bbd47fc00a2c39e90264f33305004495a9","hash":"1dcf63407dd122aa2aa11f971bcb888df648c5ca"}
,"/home/shay/a/hall657/461/461Project-Phase1/src/fileio.js": {"path":"/home/shay/a/hall657/461/461Project-Phase1/src/fileio.js","statementMap":{"0":{"start":{"line":2,"column":0},"end":{"line":2,"column":26}},"1":{"start":{"line":3,"column":0},"end":{"line":3,"column":153}},"2":{"start":{"line":4,"column":9},"end":{"line":4,"column":22}},"3":{"start":{"line":5,"column":13},"end":{"line":5,"column":30}},"4":{"start":{"line":6,"column":21},"end":{"line":6,"column":46}},"5":{"start":{"line":7,"column":20},"end":{"line":7,"column":44}},"6":{"start":{"line":13,"column":4},"end":{"line":13,"column":65}},"7":{"start":{"line":15,"column":15},"end":{"line":15,"column":45}},"8":{"start":{"line":16,"column":19},"end":{"line":16,"column":35}},"9":{"start":{"line":18,"column":4},"end":{"line":20,"column":5}},"10":{"start":{"line":19,"column":8},"end":{"line":19,"column":23}},"11":{"start":{"line":21,"column":4},"end":{"line":21,"column":20}},"12":{"start":{"line":23,"column":0},"end":{"line":23,"column":28}},"13":{"start":{"line":28,"column":4},"end":{"line":28,"column":64}},"14":{"start":{"line":29,"column":21},"end":{"line":29,"column":23}},"15":{"start":{"line":31,"column":4},"end":{"line":37,"column":5}},"16":{"start":{"line":31,"column":19},"end":{"line":31,"column":20}},"17":{"start":{"line":32,"column":8},"end":{"line":36,"column":9}},"18":{"start":{"line":33,"column":28},"end":{"line":34,"column":87}},"19":{"start":{"line":35,"column":12},"end":{"line":35,"column":39}},"20":{"start":{"line":38,"column":4},"end":{"line":38,"column":84}},"21":{"start":{"line":39,"column":4},"end":{"line":39,"column":22}},"22":{"start":{"line":41,"column":0},"end":{"line":41,"column":40}},"23":{"start":{"line":46,"column":4},"end":{"line":46,"column":61}},"24":{"start":{"line":47,"column":21},"end":{"line":47,"column":23}},"25":{"start":{"line":49,"column":4},"end":{"line":56,"column":5}},"26":{"start":{"line":49,"column":19},"end":{"line":49,"column":20}},"27":{"start":{"line":50,"column":8},"end":{"line":55,"column":9}},"28":{"start":{"line":51,"column":28},"end":{"line":52,"column":87}},"29":{"start":{"line":54,"column":12},"end":{"line":54,"column":39}},"30":{"start":{"line":57,"column":4},"end":{"line":57,"column":81}},"31":{"start":{"line":58,"column":4},"end":{"line":58,"column":22}},"32":{"start":{"line":60,"column":0},"end":{"line":60,"column":40}},"33":{"start":{"line":65,"column":4},"end":{"line":65,"column":63}},"34":{"start":{"line":66,"column":21},"end":{"line":66,"column":23}},"35":{"start":{"line":68,"column":4},"end":{"line":74,"column":5}},"36":{"start":{"line":68,"column":19},"end":{"line":68,"column":20}},"37":{"start":{"line":69,"column":8},"end":{"line":73,"column":9}},"38":{"start":{"line":70,"column":28},"end":{"line":71,"column":87}},"39":{"start":{"line":72,"column":12},"end":{"line":72,"column":39}},"40":{"start":{"line":75,"column":4},"end":{"line":75,"column":83}},"41":{"start":{"line":76,"column":4},"end":{"line":76,"column":22}},"42":{"start":{"line":78,"column":0},"end":{"line":78,"column":44}},"43":{"start":{"line":83,"column":4},"end":{"line":83,"column":87}},"44":{"start":{"line":85,"column":17},"end":{"line":85,"column":35}},"45":{"start":{"line":86,"column":4},"end":{"line":86,"column":32}},"46":{"start":{"line":87,"column":4},"end":{"line":87,"column":29}},"47":{"start":{"line":88,"column":4},"end":{"line":88,"column":17}},"48":{"start":{"line":90,"column":0},"end":{"line":90,"column":40}},"49":{"start":{"line":95,"column":4},"end":{"line":95,"column":58}},"50":{"start":{"line":97,"column":4},"end":{"line":101,"column":5}},"51":{"start":{"line":99,"column":8},"end":{"line":99,"column":88}},"52":{"start":{"line":100,"column":8},"end":{"line":100,"column":17}},"53":{"start":{"line":103,"column":19},"end":{"line":103,"column":33}},"54":{"start":{"line":105,"column":4},"end":{"line":105,"column":70}},"55":{"start":{"line":106,"column":24},"end":{"line":106,"column":48}},"56":{"start":{"line":107,"column":24},"end":{"line":107,"column":48}},"57":{"start":{"line":108,"column":26},"end":{"line":108,"column":52}},"58":{"start":{"line":110,"column":4},"end":{"line":110,"column":63}},"59":{"start":{"line":111,"column":4},"end":{"line":113,"column":5}},"60":{"start":{"line":111,"column":19},"end":{"line":111,"column":20}},"61":{"start":{"line":112,"column":8},"end":{"line":112,"column":45}},"62":{"start":{"line":116,"column":4},"end":{"line":116,"column":63}},"63":{"start":{"line":118,"column":4},"end":{"line":121,"column":5}},"64":{"start":{"line":118,"column":19},"end":{"line":118,"column":20}},"65":{"start":{"line":119,"column":8},"end":{"line":119,"column":104}},"66":{"start":{"line":120,"column":8},"end":{"line":120,"column":76}},"67":{"start":{"line":123,"column":4},"end":{"line":126,"column":5}},"68":{"start":{"line":123,"column":19},"end":{"line":123,"column":20}},"69":{"start":{"line":124,"column":8},"end":{"line":124,"column":104}},"70":{"start":{"line":125,"column":8},"end":{"line":125,"column":75}},"71":{"start":{"line":128,"column":0},"end":{"line":128,"column":40}}},"fnMap":{"0":{"name":"ReadFile","decl":{"start":{"line":12,"column":9},"end":{"line":12,"column":17}},"loc":{"start":{"line":12,"column":24},"end":{"line":22,"column":1}},"line":12},"1":{"name":"FindGitModules","decl":{"start":{"line":27,"column":9},"end":{"line":27,"column":23}},"loc":{"start":{"line":27,"column":34},"end":{"line":40,"column":1}},"line":27},"2":{"name":"FindNPMModules","decl":{"start":{"line":45,"column":9},"end":{"line":45,"column":23}},"loc":{"start":{"line":45,"column":34},"end":{"line":59,"column":1}},"line":45},"3":{"name":"FindOtherModules","decl":{"start":{"line":64,"column":9},"end":{"line":64,"column":25}},"loc":{"start":{"line":64,"column":36},"end":{"line":77,"column":1}},"line":64},"4":{"name":"GenerateOutput","decl":{"start":{"line":82,"column":9},"end":{"line":82,"column":23}},"loc":{"start":{"line":82,"column":36},"end":{"line":89,"column":1}},"line":82},"5":{"name":"URLFileHandler","decl":{"start":{"line":94,"column":9},"end":{"line":94,"column":23}},"loc":{"start":{"line":94,"column":30},"end":{"line":127,"column":1}},"line":94}},"branchMap":{"0":{"loc":{"start":{"line":18,"column":4},"end":{"line":20,"column":5}},"type":"if","locations":[{"start":{"line":18,"column":4},"end":{"line":20,"column":5}},{"start":{},"end":{}}],"line":18},"1":{"loc":{"start":{"line":32,"column":8},"end":{"line":36,"column":9}},"type":"if","locations":[{"start":{"line":32,"column":8},"end":{"line":36,"column":9}},{"start":{},"end":{}}],"line":32},"2":{"loc":{"start":{"line":50,"column":8},"end":{"line":55,"column":9}},"type":"if","locations":[{"start":{"line":50,"column":8},"end":{"line":55,"column":9}},{"start":{},"end":{}}],"line":50},"3":{"loc":{"start":{"line":69,"column":8},"end":{"line":73,"column":9}},"type":"if","locations":[{"start":{"line":69,"column":8},"end":{"line":73,"column":9}},{"start":{},"end":{}}],"line":69},"4":{"loc":{"start":{"line":69,"column":12},"end":{"line":69,"column":95}},"type":"binary-expr","locations":[{"start":{"line":69,"column":12},"end":{"line":69,"column":51}},{"start":{"line":69,"column":55},"end":{"line":69,"column":95}}],"line":69},"5":{"loc":{"start":{"line":97,"column":4},"end":{"line":101,"column":5}},"type":"if","locations":[{"start":{"line":97,"column":4},"end":{"line":101,"column":5}},{"start":{},"end":{}}],"line":97}},"s":{"0":2,"1":2,"2":2,"3":2,"4":2,"5":2,"6":0,"7":0,"8":0,"9":0,"10":0,"11":0,"12":2,"13":2,"14":2,"15":2,"16":2,"17":8,"18":4,"19":4,"20":2,"21":2,"22":2,"23":1,"24":1,"25":1,"26":1,"27":4,"28":2,"29":2,"30":1,"31":1,"32":2,"33":1,"34":1,"35":1,"36":1,"37":4,"38":4,"39":4,"40":1,"41":1,"42":2,"43":1,"44":1,"45":1,"46":1,"47":1,"48":2,"49":0,"50":0,"51":0,"52":0,"53":0,"54":0,"55":0,"56":0,"57":0,"58":0,"59":0,"60":0,"61":0,"62":0,"63":0,"64":0,"65":0,"66":0,"67":0,"68":0,"69":0,"70":0,"71":2},"f":{"0":0,"1":2,"2":1,"3":1,"4":1,"5":0},"b":{"0":[0,0],"1":[4,4],"2":[2,2],"3":[4,0],"4":[4,4],"5":[0,0]},"inputSourceMap":null,"_coverageSchema":"1a1c01bbd47fc00a2c39e90264f33305004495a9","hash":"71d05fe507e4f238cd84528397f316c45d75edea"}
,"/home/shay/a/hall657/461/461Project-Phase1/src/github-readme-extractor.js": {"path":"/home/shay/a/hall657/461/461Project-Phase1/src/github-readme-extractor.js","statementMap":{"0":{"start":{"line":2,"column":16},"end":{"line":10,"column":1}},"1":{"start":{"line":3,"column":28},"end":{"line":3,"column":110}},"2":{"start":{"line":3,"column":91},"end":{"line":3,"column":106}},"3":{"start":{"line":4,"column":4},"end":{"line":9,"column":7}},"4":{"start":{"line":5,"column":36},"end":{"line":5,"column":97}},"5":{"start":{"line":5,"column":42},"end":{"line":5,"column":70}},"6":{"start":{"line":5,"column":85},"end":{"line":5,"column":95}},"7":{"start":{"line":6,"column":35},"end":{"line":6,"column":100}},"8":{"start":{"line":6,"column":41},"end":{"line":6,"column":73}},"9":{"start":{"line":6,"column":88},"end":{"line":6,"column":98}},"10":{"start":{"line":7,"column":32},"end":{"line":7,"column":116}},"11":{"start":{"line":8,"column":8},"end":{"line":8,"column":78}},"12":{"start":{"line":11,"column":18},"end":{"line":37,"column":1}},"13":{"start":{"line":12,"column":12},"end":{"line":12,"column":104}},"14":{"start":{"line":12,"column":43},"end":{"line":12,"column":68}},"15":{"start":{"line":12,"column":57},"end":{"line":12,"column":68}},"16":{"start":{"line":12,"column":69},"end":{"line":12,"column":81}},"17":{"start":{"line":13,"column":4},"end":{"line":13,"column":157}},"18":{"start":{"line":13,"column":138},"end":{"line":13,"column":150}},"19":{"start":{"line":14,"column":23},"end":{"line":14,"column":68}},"20":{"start":{"line":14,"column":45},"end":{"line":14,"column":65}},"21":{"start":{"line":16,"column":8},"end":{"line":16,"column":70}},"22":{"start":{"line":16,"column":15},"end":{"line":16,"column":70}},"23":{"start":{"line":17,"column":8},"end":{"line":34,"column":66}},"24":{"start":{"line":17,"column":18},"end":{"line":34,"column":66}},"25":{"start":{"line":18,"column":12},"end":{"line":18,"column":169}},"26":{"start":{"line":18,"column":160},"end":{"line":18,"column":169}},"27":{"start":{"line":19,"column":12},"end":{"line":19,"column":52}},"28":{"start":{"line":19,"column":26},"end":{"line":19,"column":52}},"29":{"start":{"line":20,"column":12},"end":{"line":32,"column":13}},"30":{"start":{"line":21,"column":32},"end":{"line":21,"column":39}},"31":{"start":{"line":21,"column":40},"end":{"line":21,"column":46}},"32":{"start":{"line":22,"column":24},"end":{"line":22,"column":34}},"33":{"start":{"line":22,"column":35},"end":{"line":22,"column":72}},"34":{"start":{"line":23,"column":24},"end":{"line":23,"column":34}},"35":{"start":{"line":23,"column":35},"end":{"line":23,"column":45}},"36":{"start":{"line":23,"column":46},"end":{"line":23,"column":55}},"37":{"start":{"line":23,"column":56},"end":{"line":23,"column":65}},"38":{"start":{"line":24,"column":24},"end":{"line":24,"column":41}},"39":{"start":{"line":24,"column":42},"end":{"line":24,"column":55}},"40":{"start":{"line":24,"column":56},"end":{"line":24,"column":65}},"41":{"start":{"line":26,"column":20},"end":{"line":26,"column":128}},"42":{"start":{"line":26,"column":110},"end":{"line":26,"column":116}},"43":{"start":{"line":26,"column":117},"end":{"line":26,"column":126}},"44":{"start":{"line":27,"column":20},"end":{"line":27,"column":106}},"45":{"start":{"line":27,"column":81},"end":{"line":27,"column":97}},"46":{"start":{"line":27,"column":98},"end":{"line":27,"column":104}},"47":{"start":{"line":28,"column":20},"end":{"line":28,"column":89}},"48":{"start":{"line":28,"column":57},"end":{"line":28,"column":72}},"49":{"start":{"line":28,"column":73},"end":{"line":28,"column":80}},"50":{"start":{"line":28,"column":81},"end":{"line":28,"column":87}},"51":{"start":{"line":29,"column":20},"end":{"line":29,"column":87}},"52":{"start":{"line":29,"column":47},"end":{"line":29,"column":62}},"53":{"start":{"line":29,"column":63},"end":{"line":29,"column":78}},"54":{"start":{"line":29,"column":79},"end":{"line":29,"column":85}},"55":{"start":{"line":30,"column":20},"end":{"line":30,"column":42}},"56":{"start":{"line":30,"column":30},"end":{"line":30,"column":42}},"57":{"start":{"line":31,"column":20},"end":{"line":31,"column":33}},"58":{"start":{"line":31,"column":34},"end":{"line":31,"column":43}},"59":{"start":{"line":33,"column":12},"end":{"line":33,"column":39}},"60":{"start":{"line":34,"column":22},"end":{"line":34,"column":34}},"61":{"start":{"line":34,"column":35},"end":{"line":34,"column":41}},"62":{"start":{"line":34,"column":54},"end":{"line":34,"column":64}},"63":{"start":{"line":35,"column":8},"end":{"line":35,"column":35}},"64":{"start":{"line":35,"column":23},"end":{"line":35,"column":35}},"65":{"start":{"line":35,"column":36},"end":{"line":35,"column":89}},"66":{"start":{"line":38,"column":0},"end":{"line":38,"column":26}},"67":{"start":{"line":39,"column":0},"end":{"line":39,"column":33}},"68":{"start":{"line":40,"column":9},"end":{"line":40,"column":22}},"69":{"start":{"line":41,"column":10},"end":{"line":41,"column":35}},"70":{"start":{"line":42,"column":13},"end":{"line":42,"column":48}},"71":{"start":{"line":43,"column":20},"end":{"line":43,"column":44}},"72":{"start":{"line":46,"column":4},"end":{"line":100,"column":7}},"73":{"start":{"line":48,"column":8},"end":{"line":99,"column":11}},"74":{"start":{"line":49,"column":12},"end":{"line":98,"column":13}},"75":{"start":{"line":51,"column":20},"end":{"line":51,"column":51}},"76":{"start":{"line":52,"column":20},"end":{"line":52,"column":33}},"77":{"start":{"line":54,"column":20},"end":{"line":54,"column":46}},"78":{"start":{"line":55,"column":20},"end":{"line":55,"column":67}},"79":{"start":{"line":57,"column":20},"end":{"line":66,"column":21}},"80":{"start":{"line":58,"column":24},"end":{"line":65,"column":27}},"81":{"start":{"line":59,"column":28},"end":{"line":63,"column":29}},"82":{"start":{"line":61,"column":32},"end":{"line":61,"column":78}},"83":{"start":{"line":62,"column":32},"end":{"line":62,"column":39}},"84":{"start":{"line":70,"column":20},"end":{"line":76,"column":28}},"85":{"start":{"line":80,"column":20},"end":{"line":80,"column":30}},"86":{"start":{"line":81,"column":20},"end":{"line":81,"column":72}},"87":{"start":{"line":82,"column":20},"end":{"line":82,"column":73}},"88":{"start":{"line":83,"column":20},"end":{"line":83,"column":69}},"89":{"start":{"line":84,"column":20},"end":{"line":84,"column":65}},"90":{"start":{"line":85,"column":20},"end":{"line":85,"column":59}},"91":{"start":{"line":86,"column":20},"end":{"line":86,"column":98}},"92":{"start":{"line":87,"column":20},"end":{"line":87,"column":89}},"93":{"start":{"line":88,"column":20},"end":{"line":88,"column":84}},"94":{"start":{"line":89,"column":20},"end":{"line":89,"column":76}},"95":{"start":{"line":90,"column":20},"end":{"line":90,"column":46}},"96":{"start":{"line":91,"column":20},"end":{"line":91,"column":88}},"97":{"start":{"line":93,"column":20},"end":{"line":93,"column":40}},"98":{"start":{"line":94,"column":20},"end":{"line":94,"column":85}},"99":{"start":{"line":95,"column":20},"end":{"line":95,"column":46}},"100":{"start":{"line":96,"column":20},"end":{"line":96,"column":53}},"101":{"start":{"line":97,"column":24},"end":{"line":97,"column":46}},"102":{"start":{"line":102,"column":0},"end":{"line":102,"column":42}},"103":{"start":{"line":105,"column":4},"end":{"line":105,"column":80}},"104":{"start":{"line":106,"column":4},"end":{"line":113,"column":7}},"105":{"start":{"line":107,"column":8},"end":{"line":111,"column":9}},"106":{"start":{"line":109,"column":12},"end":{"line":109,"column":58}},"107":{"start":{"line":110,"column":12},"end":{"line":110,"column":19}},"108":{"start":{"line":112,"column":8},"end":{"line":112,"column":72}},"109":{"start":{"line":117,"column":29},"end":{"line":117,"column":100}},"110":{"start":{"line":118,"column":4},"end":{"line":123,"column":5}},"111":{"start":{"line":118,"column":18},"end":{"line":118,"column":19}},"112":{"start":{"line":118,"column":44},"end":{"line":118,"column":62}},"113":{"start":{"line":119,"column":22},"end":{"line":119,"column":46}},"114":{"start":{"line":120,"column":8},"end":{"line":122,"column":9}},"115":{"start":{"line":121,"column":12},"end":{"line":121,"column":21}},"116":{"start":{"line":124,"column":37},"end":{"line":124,"column":54}},"117":{"start":{"line":125,"column":4},"end":{"line":127,"column":5}},"118":{"start":{"line":126,"column":8},"end":{"line":126,"column":17}},"119":{"start":{"line":129,"column":4},"end":{"line":129,"column":13}},"120":{"start":{"line":133,"column":27},"end":{"line":133,"column":68}},"121":{"start":{"line":134,"column":4},"end":{"line":139,"column":5}},"122":{"start":{"line":134,"column":18},"end":{"line":134,"column":19}},"123":{"start":{"line":134,"column":42},"end":{"line":134,"column":58}},"124":{"start":{"line":135,"column":22},"end":{"line":135,"column":44}},"125":{"start":{"line":136,"column":8},"end":{"line":138,"column":9}},"126":{"start":{"line":137,"column":12},"end":{"line":137,"column":21}},"127":{"start":{"line":140,"column":33},"end":{"line":140,"column":46}},"128":{"start":{"line":141,"column":4},"end":{"line":143,"column":5}},"129":{"start":{"line":142,"column":8},"end":{"line":142,"column":17}},"130":{"start":{"line":144,"column":4},"end":{"line":144,"column":13}},"131":{"start":{"line":148,"column":24},"end":{"line":148,"column":82}},"132":{"start":{"line":149,"column":4},"end":{"line":154,"column":5}},"133":{"start":{"line":149,"column":18},"end":{"line":149,"column":19}},"134":{"start":{"line":149,"column":39},"end":{"line":149,"column":52}},"135":{"start":{"line":150,"column":22},"end":{"line":150,"column":41}},"136":{"start":{"line":151,"column":8},"end":{"line":153,"column":9}},"137":{"start":{"line":152,"column":12},"end":{"line":152,"column":21}},"138":{"start":{"line":155,"column":30},"end":{"line":155,"column":40}},"139":{"start":{"line":156,"column":4},"end":{"line":158,"column":5}},"140":{"start":{"line":157,"column":8},"end":{"line":157,"column":17}},"141":{"start":{"line":159,"column":4},"end":{"line":159,"column":13}}},"fnMap":{"0":{"name":"(anonymous_0)","decl":{"start":{"line":2,"column":44},"end":{"line":2,"column":45}},"loc":{"start":{"line":2,"column":89},"end":{"line":10,"column":1}},"line":2},"1":{"name":"adopt","decl":{"start":{"line":3,"column":13},"end":{"line":3,"column":18}},"loc":{"start":{"line":3,"column":26},"end":{"line":3,"column":112}},"line":3},"2":{"name":"(anonymous_2)","decl":{"start":{"line":3,"column":70},"end":{"line":3,"column":71}},"loc":{"start":{"line":3,"column":89},"end":{"line":3,"column":108}},"line":3},"3":{"name":"(anonymous_3)","decl":{"start":{"line":4,"column":36},"e
[...]
,"/home/shay/a/hall657/461/461Project-Phase1/src/server.js": {"path":"/home/shay/a/hall657/461/461Project-Phase1/src/server.js","statementMap":{"0":{"start":{"line":2,"column":16},"end":{"line":10,"column":1}},"1":{"start":{"line":3,"column":28},"end":{"line":3,"column":110}},"2":{"start":{"line":3,"column":91},"end":{"line":3,"column":106}},"3":{"start":{"line":4,"column":4},"end":{"line":9,"column":7}},"4":{"start":{"line":5,"column":36},"end":{"line":5,"column":97}},"5":{"start":{"line":5,"column":42},"end":{"line":5,"column":70}},"6":{"start":{"line":5,"column":85},"end":{"line":5,"column":95}},"7":{"start":{"line":6,"column":35},"end":{"line":6,"column":100}},"8":{"start":{"line":6,"column":41},"end":{"line":6,"column":73}},"9":{"start":{"line":6,"column":88},"end":{"line":6,"column":98}},"10":{"start":{"line":7,"column":32},"end":{"line":7,"column":116}},"11":{"start":{"line":8,"column":8},"end":{"line":8,"column":78}},"12":{"start":{"line":11,"column":18},"end":{"line":37,"column":1}},"13":{"start":{"line":12,"column":12},"end":{"line":12,"column":104}},"14":{"start":{"line":12,"column":43},"end":{"line":12,"column":68}},"15":{"start":{"line":12,"column":57},"end":{"line":12,"column":68}},"16":{"start":{"line":12,"column":69},"end":{"line":12,"column":81}},"17":{"start":{"line":13,"column":4},"end":{"line":13,"column":157}},"18":{"start":{"line":13,"column":138},"end":{"line":13,"column":150}},"19":{"start":{"line":14,"column":23},"end":{"line":14,"column":68}},"20":{"start":{"line":14,"column":45},"end":{"line":14,"column":65}},"21":{"start":{"line":16,"column":8},"end":{"line":16,"column":70}},"22":{"start":{"line":16,"column":15},"end":{"line":16,"column":70}},"23":{"start":{"line":17,"column":8},"end":{"line":34,"column":66}},"24":{"start":{"line":17,"column":18},"end":{"line":34,"column":66}},"25":{"start":{"line":18,"column":12},"end":{"line":18,"column":169}},"26":{"start":{"line":18,"column":160},"end":{"line":18,"column":169}},"27":{"start":{"line":19,"column":12},"end":{"line":19,"column":52}},"28":{"start":{"line":19,"column":26},"end":{"line":19,"column":52}},"29":{"start":{"line":20,"column":12},"end":{"line":32,"column":13}},"30":{"start":{"line":21,"column":32},"end":{"line":21,"column":39}},"31":{"start":{"line":21,"column":40},"end":{"line":21,"column":46}},"32":{"start":{"line":22,"column":24},"end":{"line":22,"column":34}},"33":{"start":{"line":22,"column":35},"end":{"line":22,"column":72}},"34":{"start":{"line":23,"column":24},"end":{"line":23,"column":34}},"35":{"start":{"line":23,"column":35},"end":{"line":23,"column":45}},"36":{"start":{"line":23,"column":46},"end":{"line":23,"column":55}},"37":{"start":{"line":23,"column":56},"end":{"line":23,"column":65}},"38":{"start":{"line":24,"column":24},"end":{"line":24,"column":41}},"39":{"start":{"line":24,"column":42},"end":{"line":24,"column":55}},"40":{"start":{"line":24,"column":56},"end":{"line":24,"column":65}},"41":{"start":{"line":26,"column":20},"end":{"line":26,"column":128}},"42":{"start":{"line":26,"column":110},"end":{"line":26,"column":116}},"43":{"start":{"line":26,"column":117},"end":{"line":26,"column":126}},"44":{"start":{"line":27,"column":20},"end":{"line":27,"column":106}},"45":{"start":{"line":27,"column":81},"end":{"line":27,"column":97}},"46":{"start":{"line":27,"column":98},"end":{"line":27,"column":104}},"47":{"start":{"line":28,"column":20},"end":{"line":28,"column":89}},"48":{"start":{"line":28,"column":57},"end":{"line":28,"column":72}},"49":{"start":{"line":28,"column":73},"end":{"line":28,"column":80}},"50":{"start":{"line":28,"column":81},"end":{"line":28,"column":87}},"51":{"start":{"line":29,"column":20},"end":{"line":29,"column":87}},"52":{"start":{"line":29,"column":47},"end":{"line":29,"column":62}},"53":{"start":{"line":29,"column":63},"end":{"line":29,"column":78}},"54":{"start":{"line":29,"column":79},"end":{"line":29,"column":85}},"55":{"start":{"line":30,"column":20},"end":{"line":30,"column":42}},"56":{"start":{"line":30,"column":30},"end":{"line":30,"column":42}},"57":{"start":{"line":31,"column":20},"end":{"line":31,"column":33}},"58":{"start":{"line":31,"column":34},"end":{"line":31,"column":43}},"59":{"start":{"line":33,"column":12},"end":{"line":33,"column":39}},"60":{"start":{"line":34,"column":22},"end":{"line":34,"column":34}},"61":{"start":{"line":34,"column":35},"end":{"line":34,"column":41}},"62":{"start":{"line":34,"column":54},"end":{"line":34,"column":64}},"63":{"start":{"line":35,"column":8},"end":{"line":35,"column":35}},"64":{"start":{"line":35,"column":23},"end":{"line":35,"column":35}},"65":{"start":{"line":35,"column":36},"end":{"line":35,"column":89}},"66":{"start":{"line":38,"column":0},"end":{"line":38,"column":26}},"67":{"start":{"line":39,"column":0},"end":{"line":39,"column":21}},"68":{"start":{"line":40,"column":14},"end":{"line":40,"column":32}},"69":{"start":{"line":41,"column":32},"end":{"line":41,"column":68}},"70":{"start":{"line":42,"column":20},"end":{"line":42,"column":44}},"71":{"start":{"line":45,"column":4},"end":{"line":93,"column":7}},"72":{"start":{"line":47,"column":8},"end":{"line":92,"column":11}},"73":{"start":{"line":48,"column":12},"end":{"line":91,"column":13}},"74":{"start":{"line":50,"column":20},"end":{"line":50,"column":58}},"75":{"start":{"line":50,"column":34},"end":{"line":50,"column":58}},"76":{"start":{"line":51,"column":20},"end":{"line":51,"column":86}},"77":{"start":{"line":53,"column":20},"end":{"line":53,"column":37}},"78":{"start":{"line":54,"column":20},"end":{"line":54,"column":33}},"79":{"start":{"line":56,"column":20},"end":{"line":56,"column":67}},"80":{"start":{"line":57,"column":20},"end":{"line":59,"column":109}},"81":{"start":{"line":60,"column":20},"end":{"line":60,"column":84}},"82":{"start":{"line":62,"column":20},"end":{"line":62,"column":41}},"83":{"start":{"line":63,"column":20},"end":{"line":63,"column":95}},"84":{"start":{"line":65,"column":20},"end":{"line":65,"column":41}},"85":{"start":{"line":66,"column":20},"end":{"line":73,"column":21}},"86":{"start":{"line":67,"column":24},"end":{"line":67,"column":57}},"87":{"start":{"line":68,"column":24},"end":{"line":68,"column":55}},"88":{"start":{"line":69,"column":24},"end":{"line":69,"column":52}},"89":{"start":{"line":72,"column":24},"end":{"line":72,"column":88}},"90":{"start":{"line":75,"column":20},"end":{"line":89,"column":21}},"91":{"start":{"line":76,"column":24},"end":{"line":76,"column":85}},"92":{"start":{"line":77,"column":24},"end":{"line":77,"column":83}},"93":{"start":{"line":78,"column":24},"end":{"line":78,"column":75}},"94":{"start":{"line":79,"column":24},"end":{"line":79,"column":78}},"95":{"start":{"line":80,"column":24},"end":{"line":80,"column":74}},"96":{"start":{"line":81,"column":24},"end":{"line":81,"column":67}},"97":{"start":{"line":82,"column":24},"end":{"line":82,"column":81}},"98":{"start":{"line":83,"column":24},"end":{"line":83,"column":74}},"99":{"start":{"line":84,"column":24},"end":{"line":84,"column":71}},"100":{"start":{"line":85,"column":24},"end":{"line":85,"column":65}},"101":{"start":{"line":88,"column":24},"end":{"line":88,"column":93}},"102":{"start":{"line":90,"column":20},"end":{"line":90,"column":51}},"103":{"start":{"line":95,"column":0},"end":{"line":95,"column":18}}},"fnMap":{"0":{"name":"(anonymous_0)","decl":{"start":{"line":2,"column":44},"end":{"line":2,"column":45}},"loc":{"start":{"line":2,"column":89},"end":{"line":10,"column":1}},"line":2},"1":{"name":"adopt","decl":{"start":{"line":3,"column":13},"end":{"line":3,"column":18}},"loc":{"start":{"line":3,"column":26},"end":{"line":3,"column":112}},"line":3},"2":{"name":"(anonymous_2)","decl":{"start":{"line":3,"column":70},"end":{"line":3,"column":71}},"loc":{"start":{"line":3,"column":89},"end":{"line":3,"column":108}},"line":3},"3":{"name":"(anonymous_3)","decl":{"start":{"line":4,"column":36},"end":{"line":4,"column":37}},"loc":{"start":{"line":4,"column":63},"end":{"line":9,"column":5}},"line":4},"4":{"name":"fulfilled","decl":{"start":{"line":5,"column":17},"end":{"line":5,"column":26}},"loc":{"start":{"line":5,"column":34},"end":{"line":5,"column":99}},"line":5},"5":{"name":"rejected","decl":{"start":{"line":6,"column":17},"end":{"line":6,"column":25}},"loc":{"start":{"line":6,"column":33},"end":{"line":6,"column":102}},"line":6},"6":{"name":"step","decl":{"start":{"line":7,"column":17},"end":{"line":7,"column":21}},"loc":{"start":{"line":7,"column":30},"end":{"line":7,"column":118}},"line":7},"7":{"name":"(anonymous_7)","decl":{"start":{"line":11,"column":48},"end":{"line":11,"column":49}},"loc":{"start":{"line":11,"column":73},"end":{"line":37,"column":1}},"line":11},"8":{"name":"(anonymous_8)","decl":{"start":{"line":12,"column":30},"end":{"line":12,"column":31}},"loc":{"start":{"line":12,"column":41},"end":{"line":12,"column":83}},"line":12},"9":{"name":"(anonymous_9)","decl":{"start":{"line":13,"column":125},"end":{"line":13,"column":126}},"loc":{"start":{"line":13,"column":136},"end":{"line":13,"column":152}},"line":13},"10":{"name":"verb","decl":{"start":{"line":14,"column":13},"end":{"line":14,"column":17}},"loc":{"start":{"line":14,"column":21},"end":{"line":14,"column":70}},"line":14},"11":{"name":"(anonymous_11)","decl":{"start":{"line":14,"column":30},"end":{"line":14,"column":31}},"loc":{"start":{"line":14,"column":43},"end":{"line":14,"column":67}},"line":14},"12":{"name":"step","decl":{"start":{"line":15,"column":13},"end":{"line":15,"column":17}},"loc":{"start":{"line":15,"column":22},"end":{"line":36,"column":5}},"line":15},"13":{"name":"API","decl":{"start":{"line":44,"column":9},"end":{"line":44,"column":12}},"loc":{"start":{"line":44,"column":28},"end":{"line":94,"column":1}},"line":44},"14":{"name":"(anonymous_14)","decl":{"start":{"line":45,"column":43},"end":{"line":45,"column":44}},"loc":{"start":{"line":45,"column":55},"end":{"line":93,"column":5}},"line":45},"15":{"name":"(anonymous_15)","decl":{"start":{"line":47,"column":33},"end":{"line":47,"column":34}},"loc":{"start":{"line":47,"column":47},"end":{"line":92,"column":9}},"line":47}},"branchMap":{"0":{"loc":{"start":{"line":2,"column":16},"end":{"line":10,"column":1}},"type":"binary-expr","locations":[{"start":{"line":2,"column":17},"end":{"line":2,"column":21}},{"start":{"line":2,"column":25},"end":{"line":2,"column":39}},{"start":{"line":2,"column":44},"end":{"line":10,"column":1}}],"line":2},"1":{"loc":{"start":{"line":3,"column":35},"end":{"line":3,"column":109}},"type":"cond-expr","locations":[{"start":{"line":3,"column":56},"end":{"line":3,"column":61}},{"start":{"line":3,"column":64},"end":{"line":3,"column":109}}],"line":3},"2":{"loc":{"start":{"line":4,"column":16},"end":{"line":4,"column":34}},"type":"binary-expr","locations":[{"start":{"line":4,"column":16},"end":{"line":4,"column":17}},{"start":{"line":4,"column":22},"end":{"line":4,"column":33}}],"line":4},"3":{"loc":{"start":{"line":7,"column":32},"end":{"line":7,"column":115}},"type":"cond-expr","locations":[{"start":{"line":7,"column":46},"end":{"line":7,"column":67}},{"start":{"line":7,"column":70},"end":{"line":7,"column":115}}],"line":7},"4":{"loc":{"start":{"line":8,"column":51},"end":{"line":8,"column":67}},"type":"binary-expr","locations":[{"start":{"line":8,"column":51},"end":{"line":8,"column":61}},{"start":{"line":8,"column":65},"end":{"line":8,"column":67}}],"line":8},"5":{"loc":{"start":{"line":11,"column":18},"end":{"line":37,"column":1}},"type":"binary-expr","locations":[{"start":{"line":11,"column":19},"end":{"line":11,"column":23}},{"start":{"line":11,"column":27},"end":{"line":11,"column":43}},{"start":{"line":11,"column":48},"end":{"line":37,"column":1}}],"line":11},"6":{"loc":{"start":{"line":12,"column":43},"end":{"line":12,"column":68}},"type":"if","locations":[{"start":{"line":12,"column":43},"end":{"line":12,"column":68}},{"start":{},"end":{}}],"line":12},"7":{"loc":{"start":{"line":13,"column":71},"end":{"line":13,"column":153}},"type":"binary-expr","locations":[{"start":{"line":13,"column":71},"end":{"line":13,"column":99}},{"start":{"line":13,"column":104},"end":{"line":13,"column":152}}],"line":13},"8":{"loc":{"start":{"line":16,"column":8},"end":{"line":16,"column":70}},"type":"if","locations":[{"start":{"line":16,"column":8},"end":{"line":16,"column":70}},{"start":{},"end":{}}],"line":16},"9":{"loc":{"start":{"line":18,"column":12},"end":{"line":18,"column":169}},"type":"if","locations":[{"start":{"line":18,"column":12},"end":{"line":18,"column":169}},{"start":{},"end":{}}],"line":18},"10":{"loc":{"start":{"line":18,"column":23},"end":{"line":18,"column":158}},"type":"binary-expr","locations":[{"start":{"line":18,"column":23},"end":{"line":18,"column":24}},{"start":{"line":18,"column":29},"end":{"line":18,"column":125}},{"start":{"line":18,"column":130},"end":{"line":18,"column":158}}],"line":18},"11":{"loc":{"start":{"line":18,"column":33},"end":{"line":18,"column":125}},"type":"cond-expr","locations":[{"start":{"line":18,"column":45},"end":{"line":18,"column":56}},{"start":{"line":18,"column":59},"end":{"line":18,"column":125}}],"line":18},"12":{"loc":{"start":{"line":18,"column":59},"end":{"line":18,"column":125}},"type":"cond-expr","locations":[{"start":{"line":18,"column":67},"end":{"line":18,"column":116}},{"start":{"line":18,"column":119},"end":{"line":18,"column":125}}],"line":18},"13":{"loc":{"start":{"line":18,"column":67},"end":{"line":18,"column":116}},"type":"binary-expr","locations":[{"start":{"line":18,"column":67},"end":{"line":18,"column":77}},{"start":{"line":18,"column":82},"end":{"line":18,"column":115}}],"line":18},"14":{"loc":{"start":{"line":18,"column":82},"end":{"line":18,"column":112}},"type":"binary-expr","locations":[{"start":{"line":18,"column":83},"end":{"line":18,"column":98}},{"start":{"line":18,"column":103},"end":{"line":18,"column":112}}],"line":18},"15":{"loc":{"start":{"line":19,"column":12},"end":{"line":19,"column":52}},"type":"if","locations":[{"start":{"line":19,"column":12},"end":{"line":19,"column":52}},{"start":{},"end":{}}],"line":19},"16":{"loc":{"start":{"line":20,"column":12},"end":{"line":32,"column":13}},"type":"switch","locations":[{"start":{"line":21,"column":16},"end":{"line":21,"column":23}},{"start":{"line":21,"column":24},"end":{"line":21,"column":46}},{"start":{"line":22,"column":16},"end":{"line":22,"column":72}},{"start":{"line":23,"column":16},"end":{"line":23,"column":65}},{"start":{"line":24,"column":16},"end":{"line":24,"column":65}},{"start":{"line":25,"column":16},"end":{"line":31,"column":43}}],"line":20},"17":{"loc":{"start":{"line":26,"column":20},"end":{"line":26,"column":128}},"type":"if","locations":[{"start":{"line":26,"column":20},"end":{"line":26,"column":128}},{"start":{},"end":{}}],"line":26},"18":{"loc":{"start":{"line":26,"column":24},"end":{"line":26,"column":106}},"type":"binary-expr","locations":[{"start":{"line":26,"column":24},"end":{"line":26,"column":74}},{"start":{"line":26,"column":79},"end":{"line":26,"column":90}},{"start":{"line":26,"column":94},"end":{"line":26,"column":105}}],"line":26},"19":{"loc":{"start":{"line":26,"column":42},"end":{"line":26,"column":73}},"type":"binary-expr","locations":[{"start":{"line":26,"column":42},"end":{"line":26,"column":54}},{"start":{"line":26,"column":58},"end":{"line":26,"column":73}}],"line":26},"20":{"loc":{"start":{"line":27,"column":20},"end":{"line":27,"column":106}},"type":"if","locations":[{"start":{"line":27,"column":20},"end":{"line":27,"column":106}},{"start":{},"end":{}}],"line":27},"21":{"loc":{"start":{"line":27,"column":24},"end":{"line":27,"column":77}},"type":"binary-expr","locations":[{"start":{"line":27,"column":24},"end":{"line":27,"column":35}},{"start":{"line":27,"column":40},"end":{"line":27,"column":42}},{"start":{"line":27,"column":47},"end":{"line":27,"column":59}},{"start":{"line":27,"column":63},"end":{"line":27,"column":75}}],"line":27},"22":{"loc":{"start":{"line":28,"column":20},"end":{"line":28,"column":89}},"type":"if","locations":[{"start":{"line":28,"column":20},"end":{"line":28,"column":89}},{"start":{},"end":{}}],"line":28},"23":{"loc":{"start":{"line":28,"column":24},"end":{"line":28,"column":53}},"type":"binary-expr","locations":[{"start":{"line":28,"column":24},"end":{"line":28,"column":35}},{"start":{"line":28,"column":39},"end":{"line":28,"column":53}}],"line":28},"24":{"loc":{"start":{"line":29,"column":20},"end":{"line":29,"column":87}},"type":"if","locations":[{"start":{"line":29,"column":20},"end":{"line":29,"column":87}},{"start":{},"end":{}}],"line":29},"25":{"loc":{"start":{"line":29,"column":24},"end":{"line":29,"column":43}},"type":"binary-expr","locations":[{"start":{"line":29,"column":24},"end":{"line":29,"column":25}},{"start":{"line":29,"column":29},"end":{"line":29,"column":43}}],"line":29},"26":{"loc":{"start":{"line":30,"column":20},"end":{"line":30,"column":42}},"type":"if","locations":[{"start":{"line":30,"column":20},"end":{"line":30,"column":42}},{"start":{},"end":{}}],"line":30},"27":{"loc":{"start":{"line":35,"column":8},"end":{"line":35,"column":35}},"type":"if","locations":[{"start":{"line":35,"column":8},"end":{"line":35,"column":35}},{"start":{},"end":{}}],"line":35},"28":{"loc":{"start":{"line":35,"column":52},"end":{"line":35,"column":74}},"type":"cond-expr","locations":[{"start":{"line":35,"column":60},"end":{"line":35,"column":65}},{"start":{"line":35,"column":68},"end":{"line":35,"column":74}}],"line":35},"29":{"loc":{"start":{"line":48,"column":12},"end":{"line":91,"column":13}},"type":"switch","locations":[{"start":{"line":49,"column":16},"end":{"line":51,"column":86}},{"start":{"line":52,"column":16},"end":{"line":54,"column":33}},{"start":{"line":55,"column":16},"end":{"line":60,"column":84}},{"start":{"line":61,"column":16},"end":{"line":63,"column":95}},{"start":{"line":64,"column":16},"end":{"line":90,"column":51}}],"line":48},"30":{"loc":{"start":{"line":50,"column":20},"end":{"line":50,"column":58}},"type":"if","locations":[{"start":{"line":50,"column":20},"end":{"line":50,"column":58}},{"start":{},"end":{}}],"line":50},"31":{"loc":{"start":{"line":66,"column":20},"end":{"line":73,"column":21}},"type":"if","locations":[{"start":{"line":66,"column":20},"end":{"line":73,"column":21}},{"start":{"line":71,"column":25},"end":{"line":73,"column":21}}],"line":66},"32":{"loc":{"start":{"line":75,"column":20},"end":{"line":89,"column":21}},"type":"if","locations":[{"start":{"line":75,"column":20},"end":{"line":89,"column":21}},{"start":{"line":87,"column":25},"end":{"line":89,"column":21}}],"line":75}},"s":{"0":2,"1":0,"2":0,"3":0,"4":0,"5":0,"6":0,"7":0,"8":0,"9":0,"10":0,"11":0,"12":2,"13":0,"14":0,"15":0,"16":0,"17":0,"18":0,"19":0,"20":0,"21":0,"22":0,"23":0,"24":0,"25":0,"26":0,"27":0,"28":0,"29":0,"30":0,"31":0,"32":0,"33":0,"34":0,"35":0,"36":0,"37":0,"38":0,"39":0,"40":0,"41":0,"42":0,"43":0,"44":0,"45":0,"46":0,"47":0,"48":0,"49":0,"50":0,"51":0,"52":0,"53":0,"54":0,"55":0,"56":0,"57":0,"58":0,"59":0,"60":0,"61":0,"62":0,"63":0,"64":0,"65":0,"66":2,"67":2,"68":2,"69":2,"70":2,"71":0,"72":0,"73":0,"74":0,"75":0,"76":0,"77":0,"78":0,"79":0,"80":0,"81":0,"82":0,"83":0,"84":0,"85":0,"86":0,"87":0,"88":0,"89":0,"90":0,"91":0,"92":0,"93":0,"94":0,"95":0,"96":0,"97":0,"98":0,"99":0,"100":0,"101":0,"102":0,"103":2},"f":{"0":0,"1":0,"2":0,"3":0,"4":0,"5":0,"6":0,"7":0,"8":0,"9":0,"10":0,"11":0,"12":0,"13":0,"14":0,"15":0},"b":{"0":[2,2,2],"1":[0,0],"2":[0,0],"3":[0,0],"4":[0,0],"5":[2,2,2],"6":[0,0],"7":[0,0],"8":[0,0],"9":[0,0],"10":[0,0,0],"11":[0,0],"12":[0,0],"13":[0,0],"14":[0,0],"15":[0,0],"16":[0,0,0,0,0,0],"17":[0,0],"18":[0,0,0],"19":[0,0],"20":[0,0],"21":[0,0,0,0],"22":[0,0],"23":[0,0],"24":[0,0],"25":[0,0],"26":[0,0],"27":[0,0],"28":[0,0],"29":[0,0,0,0,0],"30":[0,0],"31":[0,0],"32":[0,0]},"inputSourceMap":null,"_coverageSchema":"1a1c01bbd47fc00a2c39e90264f33305004495a9","hash":"b9721bb424354209e9042de196cc44bdafbf0466"}
}
