{"total": {"lines":{"total":520,"covered":105,"skipped":0,"pct":20.19},"statements":{"total":686,"covered":108,"skipped":0,"pct":15.74},"functions":{"total":113,"covered":7,"skipped":0,"pct":6.19},"branches":{"total":371,"covered":37,"skipped":0,"pct":9.97},"branchesTrue":{"total":0,"covered":0,"skipped":0,"pct":"Unknown"}}
,"/home/shay/a/hall657/461/461Project-Phase1/src/calculations.js": {"lines":{"total":97,"covered":44,"skipped":0,"pct":45.36},"functions":{"total":24,"covered":6,"skipped":0,"pct":25},"statements":{"total":135,"covered":45,"skipped":0,"pct":33.33},"branches":{"total":80,"covered":17,"skipped":0,"pct":21.25}}
,"/home/shay/a/hall657/461/461Project-Phase1/src/fetch.js": {"lines":{"total":176,"covered":18,"skipped":0,"pct":10.22},"functions":{"total":44,"covered":0,"skipped":0,"pct":0},"statements":{"total":215,"covered":18,"skipped":0,"pct":8.37},"branches":{"total":105,"covered":6,"skipped":0,"pct":5.71}}
,"/home/shay/a/hall657/461/461Project-Phase1/src/fileio.js": {"lines":{"total":66,"covered":12,"skipped":0,"pct":18.18},"functions":{"total":6,"covered":0,"skipped":0,"pct":0},"statements":{"total":72,"covered":12,"skipped":0,"pct":16.66},"branches":{"total":12,"covered":0,"skipped":0,"pct":0}}
,"/home/shay/a/hall657/461/461Project-Phase1/src/github-readme-extractor.js": {"lines":{"total":99,"covered":9,"skipped":0,"pct":9.09},"functions":{"total":22,"covered":0,"skipped":0,"pct":0},"statements":{"total":142,"covered":9,"skipped":0,"pct":6.33},"branches":{"total":91,"covered":6,"skipped":0,"pct":6.59}}
,"/home/shay/a/hall657/461/461Project-Phase1/src/logging_cfg.js": {"lines":{"total":16,"covered":14,"skipped":0,"pct":87.5},"functions":{"total":1,"covered":1,"skipped":0,"pct":100},"statements":{"total":18,"covered":16,"skipped":0,"pct":88.88},"branches":{"total":4,"covered":2,"skipped":0,"pct":50}}
,"/home/shay/a/hall657/461/461Project-Phase1/src/server.js": {"lines":{"total":66,"covered":8,"skipped":0,"pct":12.12},"functions":{"total":16,"covered":0,"skipped":0,"pct":0},"statements":{"total":104,"covered":8,"skipped":0,"pct":7.69},"branches":{"total":79,"covered":6,"skipped":0,"pct":7.59}}
}
