{"total": {"lines":{"total":563,"covered":196,"skipped":0,"pct":34.81},"statements":{"total":729,"covered":219,"skipped":0,"pct":30.04},"functions":{"total":116,"covered":32,"skipped":0,"pct":27.58},"branches":{"total":378,"covered":92,"skipped":0,"pct":24.33},"branchesTrue":{"total":0,"covered":0,"skipped":0,"pct":"Unknown"}}
,"/home/shay/a/hall657/461/461Project-Phase1/src/calculations.js": {"lines":{"total":104,"covered":44,"skipped":0,"pct":42.3},"functions":{"total":24,"covered":6,"skipped":0,"pct":25},"statements":{"total":142,"covered":45,"skipped":0,"pct":31.69},"branches":{"total":82,"covered":17,"skipped":0,"pct":20.73}}
,"/home/shay/a/hall657/461/461Project-Phase1/src/fetch.js": {"lines":{"total":205,"covered":81,"skipped":0,"pct":39.51},"functions":{"total":47,"covered":21,"skipped":0,"pct":44.68},"statements":{"total":244,"covered":98,"skipped":0,"pct":40.16},"branches":{"total":112,"covered":53,"skipped":0,"pct":47.32}}
,"/home/shay/a/hall657/461/461Project-Phase1/src/fileio.js": {"lines":{"total":71,"covered":40,"skipped":0,"pct":56.33},"functions":{"total":6,"covered":4,"skipped":0,"pct":66.66},"statements":{"total":77,"covered":43,"skipped":0,"pct":55.84},"branches":{"total":10,"covered":8,"skipped":0,"pct":80}}
,"/home/shay/a/hall657/461/461Project-Phase1/src/github-readme-extractor.js": {"lines":{"total":101,"covered":9,"skipped":0,"pct":8.91},"functions":{"total":22,"covered":0,"skipped":0,"pct":0},"statements":{"total":144,"covered":9,"skipped":0,"pct":6.25},"branches":{"total":91,"covered":6,"skipped":0,"pct":6.59}}
,"/home/shay/a/hall657/461/461Project-Phase1/src/logging_cfg.js": {"lines":{"total":16,"covered":14,"skipped":0,"pct":87.5},"functions":{"total":1,"covered":1,"skipped":0,"pct":100},"statements":{"total":18,"covered":16,"skipped":0,"pct":88.88},"branches":{"total":4,"covered":2,"skipped":0,"pct":50}}
,"/home/shay/a/hall657/461/461Project-Phase1/src/server.js": {"lines":{"total":66,"covered":8,"skipped":0,"pct":12.12},"functions":{"total":16,"covered":0,"skipped":0,"pct":0},"statements":{"total":104,"covered":8,"skipped":0,"pct":7.69},"branches":{"total":79,"covered":6,"skipped":0,"pct":7.59}}
}
