TN:
SF:calculations.js
FN:2,(anonymous_0)
FN:3,adopt
FN:3,(anonymous_2)
FN:4,(anonymous_3)
FN:5,fulfilled
FN:6,rejected
FN:7,step
FN:11,(anonymous_7)
FN:12,(anonymous_8)
FN:13,(anonymous_9)
FN:14,verb
FN:14,(anonymous_11)
FN:15,step
FN:46,BusFactor
FN:61,Correctness
FN:76,RampUp
FN:84,ResponsiveMaintainer
FN:97,License
FN:116,NetScore
FN:126,GenerateCalculations
FN:127,(anonymous_20)
FN:129,(anonymous_21)
FN:132,(anonymous_22)
FN:151,(anonymous_23)
FNF:24
FNH:6
FNDA:0,(anonymous_0)
FNDA:0,adopt
FNDA:0,(anonymous_2)
FNDA:0,(anonymous_3)
FNDA:0,fulfilled
FNDA:0,rejected
FNDA:0,step
FNDA:0,(anonymous_7)
FNDA:0,(anonymous_8)
FNDA:0,(anonymous_9)
FNDA:0,verb
FNDA:0,(anonymous_11)
FNDA:0,step
FNDA:2,BusFactor
FNDA:2,Correctness
FNDA:1,RampUp
FNDA:2,ResponsiveMaintainer
FNDA:2,License
FNDA:2,NetScore
FNDA:0,GenerateCalculations
FNDA:0,(anonymous_20)
FNDA:0,(anonymous_21)
FNDA:0,(anonymous_22)
FNDA:0,(anonymous_23)
DA:2,2
DA:3,0
DA:4,0
DA:5,0
DA:6,0
DA:7,0
DA:8,0
DA:11,2
DA:12,0
DA:13,0
DA:14,0
DA:16,0
DA:17,0
DA:18,0
DA:19,0
DA:20,0
DA:21,0
DA:22,0
DA:23,0
DA:24,0
DA:26,0
DA:27,0
DA:28,0
DA:29,0
DA:30,0
DA:31,0
DA:33,0
DA:34,0
DA:35,0
DA:38,2
DA:39,2
DA:40,2
DA:41,2
DA:42,2
DA:47,2
DA:49,2
DA:50,1
DA:51,1
DA:53,1
DA:54,1
DA:55,1
DA:57,2
DA:62,2
DA:64,2
DA:65,1
DA:66,1
DA:68,1
DA:69,1
DA:70,1
DA:72,2
DA:77,1
DA:78,1
DA:80,2
DA:85,2
DA:87,2
DA:88,1
DA:90,1
DA:91,1
DA:93,2
DA:98,2
DA:100,2
DA:101,0
DA:103,2
DA:105,2
DA:106,5
DA:107,2
DA:110,2
DA:112,2
DA:117,2
DA:119,2
DA:122,2
DA:127,0
DA:129,0
DA:130,0
DA:131,0
DA:132,0
DA:133,0
DA:134,0
DA:136,0
DA:137,0
DA:138,0
DA:139,0
DA:140,0
DA:141,0
DA:142,0
DA:143,0
DA:144,0
DA:145,0
DA:146,0
DA:147,0
DA:148,0
DA:149,0
DA:151,0
DA:152,0
DA:153,0
DA:155,0
DA:159,2
LF:97
LH:44
BRDA:2,0,0,2
BRDA:2,0,1,2
BRDA:2,0,2,2
BRDA:3,1,0,0
BRDA:3,1,1,0
BRDA:4,2,0,0
BRDA:4,2,1,0
BRDA:7,3,0,0
BRDA:7,3,1,0
BRDA:8,4,0,0
BRDA:8,4,1,0
BRDA:11,5,0,2
BRDA:11,5,1,2
BRDA:11,5,2,2
BRDA:12,6,0,0
BRDA:12,6,1,0
BRDA:13,7,0,0
BRDA:13,7,1,0
BRDA:16,8,0,0
BRDA:16,8,1,0
BRDA:18,9,0,0
BRDA:18,9,1,0
BRDA:18,10,0,0
BRDA:18,10,1,0
BRDA:18,10,2,0
BRDA:18,11,0,0
BRDA:18,11,1,0
BRDA:18,12,0,0
BRDA:18,12,1,0
BRDA:18,13,0,0
BRDA:18,13,1,0
BRDA:18,14,0,0
BRDA:18,14,1,0
BRDA:19,15,0,0
BRDA:19,15,1,0
BRDA:20,16,0,0
BRDA:20,16,1,0
BRDA:20,16,2,0
BRDA:20,16,3,0
BRDA:20,16,4,0
BRDA:20,16,5,0
BRDA:26,17,0,0
BRDA:26,17,1,0
BRDA:26,18,0,0
BRDA:26,18,1,0
BRDA:26,18,2,0
BRDA:26,19,0,0
BRDA:26,19,1,0
BRDA:27,20,0,0
BRDA:27,20,1,0
BRDA:27,21,0,0
BRDA:27,21,1,0
BRDA:27,21,2,0
BRDA:27,21,3,0
BRDA:28,22,0,0
BRDA:28,22,1,0
BRDA:28,23,0,0
BRDA:28,23,1,0
BRDA:29,24,0,0
BRDA:29,24,1,0
BRDA:29,25,0,0
BRDA:29,25,1,0
BRDA:30,26,0,0
BRDA:30,26,1,0
BRDA:35,27,0,0
BRDA:35,27,1,0
BRDA:35,28,0,0
BRDA:35,28,1,0
BRDA:49,29,0,1
BRDA:49,29,1,1
BRDA:64,30,0,1
BRDA:64,30,1,1
BRDA:64,31,0,2
BRDA:64,31,1,1
BRDA:87,32,0,1
BRDA:87,32,1,1
BRDA:100,33,0,0
BRDA:100,33,1,2
BRDA:106,34,0,2
BRDA:106,34,1,3
BRF:80
BRH:17
end_of_record
TN:
SF:fetch.js
FN:2,(anonymous_0)
FN:3,adopt
FN:3,(anonymous_2)
FN:4,(anonymous_3)
FN:5,fulfilled
FN:6,rejected
FN:7,step
FN:11,(anonymous_7)
FN:12,(anonymous_8)
FN:13,(anonymous_9)
FN:14,verb
FN:14,(anonymous_11)
FN:15,step
FN:56,fetch_METRICS
FN:57,(anonymous_14)
FN:59,(anonymous_15)
FN:102,fetchIssues
FN:103,(anonymous_17)
FN:105,(anonymous_18)
FN:127,(anonymous_19)
FN:128,(anonymous_20)
FN:130,(anonymous_21)
FN:132,(anonymous_22)
FN:133,(anonymous_23)
FN:134,(anonymous_24)
FN:136,(anonymous_25)
FN:137,(anonymous_26)
FN:139,(anonymous_27)
FN:140,(anonymous_28)
FN:141,(anonymous_29)
FN:143,(anonymous_30)
FN:144,(anonymous_31)
FN:182,fetchPulls
FN:183,(anonymous_33)
FN:185,(anonymous_34)
FN:207,(anonymous_35)
FN:208,(anonymous_36)
FN:212,(anonymous_37)
FN:233,(anonymous_38)
FN:242,(anonymous_39)
FN:258,getLink
FN:259,(anonymous_41)
FN:261,(anonymous_42)
FN:288,convertLink
FNF:44
FNH:22
FNDA:4,(anonymous_0)
FNDA:4,adopt
FNDA:3,(anonymous_2)
FNDA:4,(anonymous_3)
FNDA:3,fulfilled
FNDA:1,rejected
FNDA:6,step
FNDA:4,(anonymous_7)
FNDA:6,(anonymous_8)
FNDA:0,(anonymous_9)
FNDA:12,verb
FNDA:8,(anonymous_11)
FNDA:8,step
FNDA:1,fetch_METRICS
FNDA:1,(anonymous_14)
FNDA:2,(anonymous_15)
FNDA:1,fetchIssues
FNDA:1,(anonymous_17)
FNDA:2,(anonymous_18)
FNDA:0,(anonymous_19)
FNDA:0,(anonymous_20)
FNDA:0,(anonymous_21)
FNDA:0,(anonymous_22)
FNDA:0,(anonymous_23)
FNDA:0,(anonymous_24)
FNDA:0,(anonymous_25)
FNDA:0,(anonymous_26)
FNDA:0,(anonymous_27)
FNDA:0,(anonymous_28)
FNDA:0,(anonymous_29)
FNDA:0,(anonymous_30)
FNDA:0,(anonymous_31)
FNDA:0,fetchPulls
FNDA:0,(anonymous_33)
FNDA:0,(anonymous_34)
FNDA:0,(anonymous_35)
FNDA:0,(anonymous_36)
FNDA:0,(anonymous_37)
FNDA:0,(anonymous_38)
FNDA:0,(anonymous_39)
FNDA:2,getLink
FNDA:2,(anonymous_41)
FNDA:8,(anonymous_42)
FNDA:1,convertLink
DA:2,3
DA:3,4
DA:4,4
DA:5,3
DA:6,1
DA:7,6
DA:8,4
DA:11,3
DA:12,6
DA:13,4
DA:14,12
DA:16,8
DA:17,22
DA:18,22
DA:19,22
DA:20,22
DA:21,8
DA:22,4
DA:23,0
DA:24,0
DA:26,10
DA:27,6
DA:28,4
DA:29,2
DA:30,2
DA:31,2
DA:33,12
DA:34,22
DA:35,4
DA:38,3
DA:39,3
DA:41,3
DA:42,3
DA:43,3
DA:44,3
DA:45,3
DA:47,3
DA:48,3
DA:49,3
DA:50,3
DA:51,3
DA:52,3
DA:57,1
DA:59,1
DA:60,2
DA:62,1
DA:70,1
DA:76,1
DA:79,1
DA:80,0
DA:82,0
DA:83,0
DA:94,0
DA:96,0
DA:101,3
DA:103,1
DA:105,1
DA:106,2
DA:108,1
DA:109,1
DA:110,1
DA:111,1
DA:112,1
DA:113,1
DA:114,1
DA:115,1
DA:117,1
DA:118,1
DA:124,1
DA:125,1
DA:126,0
DA:127,0
DA:128,0
DA:129,0
DA:130,0
DA:131,0
DA:132,0
DA:133,0
DA:134,0
DA:135,0
DA:136,0
DA:137,0
DA:138,0
DA:139,0
DA:140,0
DA:141,0
DA:142,0
DA:143,0
DA:144,0
DA:146,0
DA:147,0
DA:148,0
DA:149,0
DA:150,0
DA:151,0
DA:156,0
DA:157,0
DA:160,0
DA:165,0
DA:166,0
DA:168,0
DA:170,0
DA:171,0
DA:172,0
DA:173,0
DA:174,0
DA:175,0
DA:176,0
DA:183,0
DA:185,0
DA:186,0
DA:188,0
DA:189,0
DA:190,0
DA:191,0
DA:192,0
DA:193,0
DA:194,0
DA:195,0
DA:197,0
DA:198,0
DA:204,0
DA:205,0
DA:206,0
DA:207,0
DA:208,0
DA:210,0
DA:212,0
DA:213,0
DA:219,0
DA:220,0
DA:223,0
DA:227,0
DA:228,0
DA:230,0
DA:232,0
DA:233,0
DA:234,0
DA:235,0
DA:238,0
DA:241,0
DA:242,0
DA:243,0
DA:244,0
DA:245,0
DA:248,0
DA:249,0
DA:250,0
DA:251,0
DA:252,0
DA:253,0
DA:259,2
DA:261,2
DA:262,8
DA:264,2
DA:265,2
DA:267,2
DA:268,2
DA:269,0
DA:270,0
DA:271,0
DA:272,0
DA:273,0
DA:276,0
DA:278,2
DA:279,2
DA:282,2
DA:287,3
DA:290,1
DA:291,1
DA:293,1
DA:295,1
DA:297,1
DA:298,1
DA:299,1
DA:301,3
LF:176
LH:82
BRDA:2,0,0,3
BRDA:2,0,1,3
BRDA:2,0,2,3
BRDA:3,1,0,1
BRDA:3,1,1,3
BRDA:4,2,0,4
BRDA:4,2,1,4
BRDA:7,3,0,2
BRDA:7,3,1,4
BRDA:8,4,0,4
BRDA:8,4,1,4
BRDA:11,5,0,3
BRDA:11,5,1,3
BRDA:11,5,2,3
BRDA:12,6,0,1
BRDA:12,6,1,5
BRDA:13,7,0,4
BRDA:13,7,1,4
BRDA:16,8,0,0
BRDA:16,8,1,8
BRDA:18,9,0,0
BRDA:18,9,1,22
BRDA:18,10,0,22
BRDA:18,10,1,0
BRDA:18,10,2,0
BRDA:18,11,0,0
BRDA:18,11,1,0
BRDA:18,12,0,0
BRDA:18,12,1,0
BRDA:18,13,0,0
BRDA:18,13,1,0
BRDA:18,14,0,0
BRDA:18,14,1,0
BRDA:19,15,0,0
BRDA:19,15,1,22
BRDA:20,16,0,7
BRDA:20,16,1,8
BRDA:20,16,2,4
BRDA:20,16,3,0
BRDA:20,16,4,0
BRDA:20,16,5,10
BRDA:26,17,0,4
BRDA:26,17,1,6
BRDA:26,18,0,10
BRDA:26,18,1,6
BRDA:26,18,2,4
BRDA:26,19,0,10
BRDA:26,19,1,4
BRDA:27,20,0,2
BRDA:27,20,1,4
BRDA:27,21,0,6
BRDA:27,21,1,4
BRDA:27,21,2,2
BRDA:27,21,3,2
BRDA:28,22,0,2
BRDA:28,22,1,2
BRDA:28,23,0,4
BRDA:28,23,1,2
BRDA:29,24,0,0
BRDA:29,24,1,2
BRDA:29,25,0,2
BRDA:29,25,1,2
BRDA:30,26,0,0
BRDA:30,26,1,2
BRDA:35,27,0,2
BRDA:35,27,1,2
BRDA:35,28,0,2
BRDA:35,28,1,0
BRDA:60,29,0,1
BRDA:60,29,1,1
BRDA:60,29,2,0
BRDA:106,30,0,1
BRDA:106,30,1,1
BRDA:106,30,2,1
BRDA:106,30,3,0
BRDA:117,31,0,0
BRDA:117,31,1,1
BRDA:125,32,0,0
BRDA:125,32,1,0
BRDA:156,33,0,0
BRDA:156,33,1,0
BRDA:186,34,0,0
BRDA:186,34,1,0
BRDA:186,34,2,0
BRDA:186,34,3,0
BRDA:197,35,0,0
BRDA:197,35,1,0
BRDA:205,36,0,0
BRDA:205,36,1,0
BRDA:219,37,0,0
BRDA:219,37,1,0
BRDA:234,38,0,0
BRDA:234,38,1,0
BRDA:243,39,0,0
BRDA:243,39,1,0
BRDA:262,40,0,2
BRDA:262,40,1,2
BRDA:262,40,2,2
BRDA:262,40,3,2
BRDA:268,41,0,0
BRDA:268,41,1,0
BRDA:271,42,0,0
BRDA:271,42,1,0
BRDA:271,43,0,0
BRDA:271,43,1,0
BRF:105
BRH:60
end_of_record
TN:
SF:fileio.js
FN:12,ReadFile
FN:27,FindGitModules
FN:45,FindNPMModules
FN:64,FindOtherModules
FN:82,GenerateOutput
FN:94,URLFileHandler
FNF:6
FNH:4
FNDA:0,ReadFile
FNDA:2,FindGitModules
FNDA:1,FindNPMModules
FNDA:1,FindOtherModules
FNDA:1,GenerateOutput
FNDA:0,URLFileHandler
DA:2,2
DA:3,2
DA:4,2
DA:5,2
DA:6,2
DA:7,2
DA:13,0
DA:15,0
DA:16,0
DA:18,0
DA:19,0
DA:21,0
DA:23,2
DA:28,2
DA:29,2
DA:31,2
DA:32,8
DA:33,4
DA:35,4
DA:38,2
DA:39,2
DA:41,2
DA:46,1
DA:47,1
DA:49,1
DA:50,4
DA:51,2
DA:54,2
DA:57,1
DA:58,1
DA:60,2
DA:65,1
DA:66,1
DA:68,1
DA:69,4
DA:70,4
DA:72,4
DA:75,1
DA:76,1
DA:78,2
DA:83,1
DA:85,1
DA:86,1
DA:87,1
DA:88,1
DA:90,2
DA:95,0
DA:97,0
DA:99,0
DA:100,0
DA:103,0
DA:105,0
DA:106,0
DA:107,0
DA:108,0
DA:110,0
DA:111,0
DA:112,0
DA:116,0
DA:118,0
DA:119,0
DA:120,0
DA:123,0
DA:124,0
DA:125,0
DA:128,2
LF:66
LH:41
BRDA:18,0,0,0
BRDA:18,0,1,0
BRDA:32,1,0,4
BRDA:32,1,1,4
BRDA:50,2,0,2
BRDA:50,2,1,2
BRDA:69,3,0,4
BRDA:69,3,1,0
BRDA:69,4,0,4
BRDA:69,4,1,4
BRDA:97,5,0,0
BRDA:97,5,1,0
BRF:12
BRH:7
end_of_record
TN:
SF:github-readme-extractor.js
FN:2,(anonymous_0)
FN:3,adopt
FN:3,(anonymous_2)
FN:4,(anonymous_3)
FN:5,fulfilled
FN:6,rejected
FN:7,step
FN:11,(anonymous_7)
FN:12,(anonymous_8)
FN:13,(anonymous_9)
FN:14,verb
FN:14,(anonymous_11)
FN:15,step
FN:45,ReadMeExtractor
FN:46,(anonymous_14)
FN:48,(anonymous_15)
FN:58,(anonymous_16)
FN:103,deletePath
FN:106,(anonymous_18)
FN:115,checkQuickStart
FN:131,checkExamples
FN:146,checkUsage
FNF:22
FNH:0
FNDA:0,(anonymous_0)
FNDA:0,adopt
FNDA:0,(anonymous_2)
FNDA:0,(anonymous_3)
FNDA:0,fulfilled
FNDA:0,rejected
FNDA:0,step
FNDA:0,(anonymous_7)
FNDA:0,(anonymous_8)
FNDA:0,(anonymous_9)
FNDA:0,verb
FNDA:0,(anonymous_11)
FNDA:0,step
FNDA:0,ReadMeExtractor
FNDA:0,(anonymous_14)
FNDA:0,(anonymous_15)
FNDA:0,(anonymous_16)
FNDA:0,deletePath
FNDA:0,(anonymous_18)
FNDA:0,checkQuickStart
FNDA:0,checkExamples
FNDA:0,checkUsage
DA:2,2
DA:3,0
DA:4,0
DA:5,0
DA:6,0
DA:7,0
DA:8,0
DA:11,2
DA:12,0
DA:13,0
DA:14,0
DA:16,0
DA:17,0
DA:18,0
DA:19,0
DA:20,0
DA:21,0
DA:22,0
DA:23,0
DA:24,0
DA:26,0
DA:27,0
DA:28,0
DA:29,0
DA:30,0
DA:31,0
DA:33,0
DA:34,0
DA:35,0
DA:38,2
DA:39,2
DA:40,2
DA:41,2
DA:42,2
DA:43,2
DA:46,0
DA:48,0
DA:49,0
DA:51,0
DA:52,0
DA:54,0
DA:55,0
DA:57,0
DA:58,0
DA:59,0
DA:61,0
DA:62,0
DA:70,0
DA:80,0
DA:81,0
DA:82,0
DA:83,0
DA:84,0
DA:85,0
DA:86,0
DA:87,0
DA:88,0
DA:89,0
DA:90,0
DA:91,0
DA:93,0
DA:94,0
DA:95,0
DA:96,0
DA:97,0
DA:102,2
DA:105,0
DA:106,0
DA:107,0
DA:109,0
DA:110,0
DA:112,0
DA:117,0
DA:118,0
DA:119,0
DA:120,0
DA:121,0
DA:124,0
DA:125,0
DA:126,0
DA:129,0
DA:133,0
DA:134,0
DA:135,0
DA:136,0
DA:137,0
DA:140,0
DA:141,0
DA:142,0
DA:144,0
DA:148,0
DA:149,0
DA:150,0
DA:151,0
DA:152,0
DA:155,0
DA:156,0
DA:157,0
DA:159,0
LF:99
LH:9
BRDA:2,0,0,2
BRDA:2,0,1,2
BRDA:2,0,2,2
BRDA:3,1,0,0
BRDA:3,1,1,0
BRDA:4,2,0,0
BRDA:4,2,1,0
BRDA:7,3,0,0
BRDA:7,3,1,0
BRDA:8,4,0,0
BRDA:8,4,1,0
BRDA:11,5,0,2
BRDA:11,5,1,2
BRDA:11,5,2,2
BRDA:12,6,0,0
BRDA:12,6,1,0
BRDA:13,7,0,0
BRDA:13,7,1,0
BRDA:16,8,0,0
BRDA:16,8,1,0
BRDA:18,9,0,0
BRDA:18,9,1,0
BRDA:18,10,0,0
BRDA:18,10,1,0
BRDA:18,10,2,0
BRDA:18,11,0,0
BRDA:18,11,1,0
BRDA:18,12,0,0
BRDA:18,12,1,0
BRDA:18,13,0,0
BRDA:18,13,1,0
BRDA:18,14,0,0
BRDA:18,14,1,0
BRDA:19,15,0,0
BRDA:19,15,1,0
BRDA:20,16,0,0
BRDA:20,16,1,0
BRDA:20,16,2,0
BRDA:20,16,3,0
BRDA:20,16,4,0
BRDA:20,16,5,0
BRDA:26,17,0,0
BRDA:26,17,1,0
BRDA:26,18,0,0
BRDA:26,18,1,0
BRDA:26,18,2,0
BRDA:26,19,0,0
BRDA:26,19,1,0
BRDA:27,20,0,0
BRDA:27,20,1,0
BRDA:27,21,0,0
BRDA:27,21,1,0
BRDA:27,21,2,0
BRDA:27,21,3,0
BRDA:28,22,0,0
BRDA:28,22,1,0
BRDA:28,23,0,0
BRDA:28,23,1,0
BRDA:29,24,0,0
BRDA:29,24,1,0
BRDA:29,25,0,0
BRDA:29,25,1,0
BRDA:30,26,0,0
BRDA:30,26,1,0
BRDA:35,27,0,0
BRDA:35,27,1,0
BRDA:35,28,0,0
BRDA:35,28,1,0
BRDA:49,29,0,0
BRDA:49,29,1,0
BRDA:49,29,2,0
BRDA:49,29,3,0
BRDA:49,29,4,0
BRDA:57,30,0,0
BRDA:57,30,1,0
BRDA:59,31,0,0
BRDA:59,31,1,0
BRDA:107,32,0,0
BRDA:107,32,1,0
BRDA:120,33,0,0
BRDA:120,33,1,0
BRDA:125,34,0,0
BRDA:125,34,1,0
BRDA:136,35,0,0
BRDA:136,35,1,0
BRDA:141,36,0,0
BRDA:141,36,1,0
BRDA:151,37,0,0
BRDA:151,37,1,0
BRDA:156,38,0,0
BRDA:156,38,1,0
BRF:91
BRH:6
end_of_record
TN:
SF:logging_cfg.js
FN:25,(anonymous_0)
FNF:1
FNH:1
FNDA:24,(anonymous_0)
DA:2,3
DA:3,3
DA:4,3
DA:5,3
DA:6,3
DA:8,3
DA:9,3
DA:10,3
DA:11,0
DA:12,0
DA:14,3
DA:15,3
DA:16,3
DA:21,3
DA:26,24
DA:27,24
LF:16
LH:14
BRDA:10,0,0,0
BRDA:10,0,1,3
BRDA:14,1,0,3
BRDA:14,1,1,0
BRF:4
BRH:2
end_of_record
TN:
SF:server.js
FN:2,(anonymous_0)
FN:3,adopt
FN:3,(anonymous_2)
FN:4,(anonymous_3)
FN:5,fulfilled
FN:6,rejected
FN:7,step
FN:11,(anonymous_7)
FN:12,(anonymous_8)
FN:13,(anonymous_9)
FN:14,verb
FN:14,(anonymous_11)
FN:15,step
FN:44,API
FN:45,(anonymous_14)
FN:47,(anonymous_15)
FNF:16
FNH:0
FNDA:0,(anonymous_0)
FNDA:0,adopt
FNDA:0,(anonymous_2)
FNDA:0,(anonymous_3)
FNDA:0,fulfilled
FNDA:0,rejected
FNDA:0,step
FNDA:0,(anonymous_7)
FNDA:0,(anonymous_8)
FNDA:0,(anonymous_9)
FNDA:0,verb
FNDA:0,(anonymous_11)
FNDA:0,step
FNDA:0,API
FNDA:0,(anonymous_14)
FNDA:0,(anonymous_15)
DA:2,2
DA:3,0
DA:4,0
DA:5,0
DA:6,0
DA:7,0
DA:8,0
DA:11,2
DA:12,0
DA:13,0
DA:14,0
DA:16,0
DA:17,0
DA:18,0
DA:19,0
DA:20,0
DA:21,0
DA:22,0
DA:23,0
DA:24,0
DA:26,0
DA:27,0
DA:28,0
DA:29,0
DA:30,0
DA:31,0
DA:33,0
DA:34,0
DA:35,0
DA:38,2
DA:39,2
DA:40,2
DA:41,2
DA:42,2
DA:45,0
DA:47,0
DA:48,0
DA:50,0
DA:51,0
DA:53,0
DA:54,0
DA:56,0
DA:57,0
DA:60,0
DA:62,0
DA:63,0
DA:65,0
DA:66,0
DA:67,0
DA:68,0
DA:69,0
DA:72,0
DA:75,0
DA:76,0
DA:77,0
DA:78,0
DA:79,0
DA:80,0
DA:81,0
DA:82,0
DA:83,0
DA:84,0
DA:85,0
DA:88,0
DA:90,0
DA:95,2
LF:66
LH:8
BRDA:2,0,0,2
BRDA:2,0,1,2
BRDA:2,0,2,2
BRDA:3,1,0,0
BRDA:3,1,1,0
BRDA:4,2,0,0
BRDA:4,2,1,0
BRDA:7,3,0,0
BRDA:7,3,1,0
BRDA:8,4,0,0
BRDA:8,4,1,0
BRDA:11,5,0,2
BRDA:11,5,1,2
BRDA:11,5,2,2
BRDA:12,6,0,0
BRDA:12,6,1,0
BRDA:13,7,0,0
BRDA:13,7,1,0
BRDA:16,8,0,0
BRDA:16,8,1,0
BRDA:18,9,0,0
BRDA:18,9,1,0
BRDA:18,10,0,0
BRDA:18,10,1,0
BRDA:18,10,2,0
BRDA:18,11,0,0
BRDA:18,11,1,0
BRDA:18,12,0,0
BRDA:18,12,1,0
BRDA:18,13,0,0
BRDA:18,13,1,0
BRDA:18,14,0,0
BRDA:18,14,1,0
BRDA:19,15,0,0
BRDA:19,15,1,0
BRDA:20,16,0,0
BRDA:20,16,1,0
BRDA:20,16,2,0
BRDA:20,16,3,0
BRDA:20,16,4,0
BRDA:20,16,5,0
BRDA:26,17,0,0
BRDA:26,17,1,0
BRDA:26,18,0,0
BRDA:26,18,1,0
BRDA:26,18,2,0
BRDA:26,19,0,0
BRDA:26,19,1,0
BRDA:27,20,0,0
BRDA:27,20,1,0
BRDA:27,21,0,0
BRDA:27,21,1,0
BRDA:27,21,2,0
BRDA:27,21,3,0
BRDA:28,22,0,0
BRDA:28,22,1,0
BRDA:28,23,0,0
BRDA:28,23,1,0
BRDA:29,24,0,0
BRDA:29,24,1,0
BRDA:29,25,0,0
BRDA:29,25,1,0
BRDA:30,26,0,0
BRDA:30,26,1,0
BRDA:35,27,0,0
BRDA:35,27,1,0
BRDA:35,28,0,0
BRDA:35,28,1,0
BRDA:48,29,0,0
BRDA:48,29,1,0
BRDA:48,29,2,0
BRDA:48,29,3,0
BRDA:48,29,4,0
BRDA:50,30,0,0
BRDA:50,30,1,0
BRDA:66,31,0,0
BRDA:66,31,1,0
BRDA:75,32,0,0
BRDA:75,32,1,0
BRF:79
BRH:6
end_of_record
