{"total": {"lines":{"total":338,"covered":88,"skipped":0,"pct":26.03},"statements":{"total":461,"covered":91,"skipped":0,"pct":19.73},"functions":{"total":73,"covered":8,"skipped":0,"pct":10.95},"branches":{"total":272,"covered":31,"skipped":0,"pct":11.39},"branchesTrue":{"total":0,"covered":0,"skipped":0,"pct":"Unknown"}}
,"/home/shay/a/hall657/461/461Project-Phase1/src/calculations.js": {"lines":{"total":95,"covered":43,"skipped":0,"pct":45.26},"functions":{"total":24,"covered":6,"skipped":0,"pct":25},"statements":{"total":133,"covered":44,"skipped":0,"pct":33.08},"branches":{"total":78,"covered":16,"skipped":0,"pct":20.51}}
,"/home/shay/a/hall657/461/461Project-Phase1/src/fetch.js": {"lines":{"total":116,"covered":12,"skipped":0,"pct":10.34},"functions":{"total":26,"covered":0,"skipped":0,"pct":0},"statements":{"total":155,"covered":12,"skipped":0,"pct":7.74},"branches":{"total":104,"covered":6,"skipped":0,"pct":5.76}}
,"/home/shay/a/hall657/461/461Project-Phase1/src/fileio.js": {"lines":{"total":60,"covered":12,"skipped":0,"pct":20},"functions":{"total":6,"covered":1,"skipped":0,"pct":16.66},"statements":{"total":66,"covered":12,"skipped":0,"pct":18.18},"branches":{"total":10,"covered":1,"skipped":0,"pct":10}}
,"/home/shay/a/hall657/461/461Project-Phase1/src/logging_cfg.js": {"lines":{"total":16,"covered":14,"skipped":0,"pct":87.5},"functions":{"total":1,"covered":1,"skipped":0,"pct":100},"statements":{"total":18,"covered":16,"skipped":0,"pct":88.88},"branches":{"total":4,"covered":2,"skipped":0,"pct":50}}
,"/home/shay/a/hall657/461/461Project-Phase1/src/server.js": {"lines":{"total":51,"covered":7,"skipped":0,"pct":13.72},"functions":{"total":16,"covered":0,"skipped":0,"pct":0},"statements":{"total":89,"covered":7,"skipped":0,"pct":7.86},"branches":{"total":76,"covered":6,"skipped":0,"pct":7.89}}
}
