{"total": {"lines":{"total":575,"covered":385,"skipped":0,"pct":66.95},"statements":{"total":741,"covered":435,"skipped":0,"pct":58.7},"functions":{"total":120,"covered":77,"skipped":0,"pct":64.16},"branches":{"total":389,"covered":176,"skipped":0,"pct":45.24},"branchesTrue":{"total":0,"covered":0,"skipped":0,"pct":"Unknown"}}
,"/home/shay/a/hall657/461/461Project-Phase1/calculations.js": {"lines":{"total":104,"covered":43,"skipped":0,"pct":41.34},"functions":{"total":24,"covered":6,"skipped":0,"pct":25},"statements":{"total":141,"covered":43,"skipped":0,"pct":30.49},"branches":{"total":87,"covered":21,"skipped":0,"pct":24.13}}
,"/home/shay/a/hall657/461/461Project-Phase1/fetch.js": {"lines":{"total":198,"covered":189,"skipped":0,"pct":95.45},"functions":{"total":49,"covered":47,"skipped":0,"pct":95.91},"statements":{"total":237,"covered":209,"skipped":0,"pct":88.18},"branches":{"total":110,"covered":83,"skipped":0,"pct":75.45}}
,"/home/shay/a/hall657/461/461Project-Phase1/fileio.js": {"lines":{"total":65,"covered":37,"skipped":0,"pct":56.92},"functions":{"total":6,"covered":3,"skipped":0,"pct":50},"statements":{"total":71,"covered":40,"skipped":0,"pct":56.33},"branches":{"total":10,"covered":8,"skipped":0,"pct":80}}
,"/home/shay/a/hall657/461/461Project-Phase1/github-readme-extractor.js": {"lines":{"total":125,"covered":94,"skipped":0,"pct":75.2},"functions":{"total":24,"covered":20,"skipped":0,"pct":83.33},"statements":{"total":169,"covered":119,"skipped":0,"pct":70.41},"branches":{"total":99,"covered":56,"skipped":0,"pct":56.56}}
,"/home/shay/a/hall657/461/461Project-Phase1/logging_cfg.js": {"lines":{"total":16,"covered":14,"skipped":0,"pct":87.5},"functions":{"total":1,"covered":1,"skipped":0,"pct":100},"statements":{"total":18,"covered":16,"skipped":0,"pct":88.88},"branches":{"total":4,"covered":2,"skipped":0,"pct":50}}
,"/home/shay/a/hall657/461/461Project-Phase1/server.js": {"lines":{"total":67,"covered":8,"skipped":0,"pct":11.94},"functions":{"total":16,"covered":0,"skipped":0,"pct":0},"statements":{"total":105,"covered":8,"skipped":0,"pct":7.61},"branches":{"total":79,"covered":6,"skipped":0,"pct":7.59}}
}
